TpTrace Verbose: 0 : 11316, 1, 2021/12/20, 18:27:18.916, 3227658419285, testhost.dll, Version: 16.11.0
TpTrace Information: 0 : 11316, 1, 2021/12/20, 18:27:18.928, 3227658516720, testhost.dll, DefaultEngineInvoker.Invoke: Testhost process started with args :[--port, 54564],[--endpoint, 127.0.0.1:054564],[--role, client],[--parentprocessid, 22396],[--diag, C:\Users\rtoma\source\repos\restauranteESI2021\WebAPI\WebAPITests\bin\Debug\netcoreapp3.1\fine-code-coverage\coverage-tool-output\diagnostics.host.21-12-20_18-27-18_51412_4.log],[--tracelevel, 4],[--datacollectionport, 54563],[--telemetryoptedin, false]
TpTrace Information: 0 : 11316, 1, 2021/12/20, 18:27:18.930, 3227658540648, testhost.dll, Setting up debug trace listener.
TpTrace Verbose: 0 : 11316, 1, 2021/12/20, 18:27:18.931, 3227658545573, testhost.dll, TestPlatformTraceListener.Setup: Replacing listener 0 with TestHostTraceListener.
TpTrace Verbose: 0 : 11316, 1, 2021/12/20, 18:27:18.931, 3227658546494, testhost.dll, TestPlatformTraceListener.Setup: Added test platform trace listener.
TpTrace Information: 0 : 11316, 1, 2021/12/20, 18:27:18.932, 3227658558662, testhost.dll, DefaultEngineInvoker.SetParentProcessExitCallback: Monitoring parent process with id: '22396'
TpTrace Information: 0 : 11316, 1, 2021/12/20, 18:27:18.946, 3227658692589, testhost.dll, DefaultEngineInvoker.GetConnectionInfo: Initialize communication on endpoint address: '127.0.0.1:054564'
TpTrace Information: 0 : 11316, 1, 2021/12/20, 18:27:18.985, 3227659089016, testhost.dll, SocketClient.Start: connecting to server endpoint: 127.0.0.1:054564
TpTrace Information: 0 : 11316, 1, 2021/12/20, 18:27:18.995, 3227659190177, testhost.dll, DefaultEngineInvoker.ConnectToDatacollector: Connecting to datacollector, port: 54563
TpTrace Information: 0 : 11316, 4, 2021/12/20, 18:27:18.999, 3227659223465, testhost.dll, SocketClient.OnServerConnected: connected to server endpoint: 127.0.0.1:054564
TpTrace Information: 0 : 11316, 1, 2021/12/20, 18:27:19.001, 3227659247548, testhost.dll, Trying to connect to server on socket : 127.0.0.1:54563 
TpTrace Verbose: 0 : 11316, 1, 2021/12/20, 18:27:19.003, 3227659263503, testhost.dll, SocketCommunicationManager : SetupClientAsync : Attempting to connect to the server.
TpTrace Verbose: 0 : 11316, 4, 2021/12/20, 18:27:19.005, 3227659288136, testhost.dll, Connected to server, and starting MessageLoopAsync
TpTrace Information: 0 : 11316, 9, 2021/12/20, 18:27:19.006, 3227659299225, testhost.dll, Connected to the server successfully 
TpTrace Information: 0 : 11316, 9, 2021/12/20, 18:27:19.006, 3227659300920, testhost.dll, Using the buffer size of 16384 bytes
TpTrace Information: 0 : 11316, 1, 2021/12/20, 18:27:19.008, 3227659314712, testhost.dll, DefaultEngineInvoker.Invoke: Start Request Processing.
TpTrace Information: 0 : 11316, 12, 2021/12/20, 18:27:19.010, 3227659332469, testhost.dll, DefaultEngineInvoker.StartProcessingAsync: Connected to vstest.console, Starting process requests.
TpTrace Verbose: 0 : 11316, 10, 2021/12/20, 18:27:19.011, 3227659349968, testhost.dll, TcpClientExtensions.MessageLoopAsync: Polling on remoteEndPoint: [::ffff:127.0.0.1]:54564 localEndPoint: [::ffff:127.0.0.1]:54565
TpTrace Verbose: 0 : 11316, 10, 2021/12/20, 18:27:19.012, 3227659356823, testhost.dll, TcpClientExtensions.MessageLoopAsync: NotifyDataAvailable remoteEndPoint: [::ffff:127.0.0.1]:54564 localEndPoint: [::ffff:127.0.0.1]:54565
TpTrace Information: 0 : 11316, 10, 2021/12/20, 18:27:19.263, 3227661870570, testhost.dll, TestRequestHandler.OnMessageReceived: received message: (ProtocolVersion) -> 5
TpTrace Verbose: 0 : 11316, 10, 2021/12/20, 18:27:19.310, 3227662336406, testhost.dll, TestRequestHandler.SendData:  sending data from testhost: {"Version":5,"MessageType":"TestSession.Message","Payload":{"MessageLevel":0,"Message":"Logging TestHost Diagnostics in file: C:\\Users\\rtoma\\source\\repos\\restauranteESI2021\\WebAPI\\WebAPITests\\bin\\Debug\\netcoreapp3.1\\fine-code-coverage\\coverage-tool-output\\diagnostics.host.21-12-20_18-27-18_51412_4.log"}}
TpTrace Verbose: 0 : 11316, 10, 2021/12/20, 18:27:19.310, 3227662338327, testhost.dll, TcpClientExtensions.MessageLoopAsync: Polling on remoteEndPoint: [::ffff:127.0.0.1]:54564 localEndPoint: [::ffff:127.0.0.1]:54565
TpTrace Verbose: 0 : 11316, 10, 2021/12/20, 18:27:19.310, 3227662340050, testhost.dll, TcpClientExtensions.MessageLoopAsync: NotifyDataAvailable remoteEndPoint: [::ffff:127.0.0.1]:54564 localEndPoint: [::ffff:127.0.0.1]:54565
TpTrace Information: 0 : 11316, 10, 2021/12/20, 18:27:19.316, 3227662396721, testhost.dll, TestRequestHandler.OnMessageReceived: received message: (TestExecution.Initialize) -> [
  "C:\\Users\\rtoma\\source\\repos\\restauranteESI2021\\WebAPI\\WebAPITests\\bin\\Debug\\netcoreapp3.1\\fine-code-coverage\\build-output\\Microsoft.VisualStudio.TestPlatform.MSTest.TestAdapter.dll"
]
TpTrace Verbose: 0 : 11316, 10, 2021/12/20, 18:27:19.329, 3227662522882, testhost.dll, TcpClientExtensions.MessageLoopAsync: Polling on remoteEndPoint: [::ffff:127.0.0.1]:54564 localEndPoint: [::ffff:127.0.0.1]:54565
TpTrace Verbose: 0 : 11316, 10, 2021/12/20, 18:27:19.329, 3227662524398, testhost.dll, TcpClientExtensions.MessageLoopAsync: NotifyDataAvailable remoteEndPoint: [::ffff:127.0.0.1]:54564 localEndPoint: [::ffff:127.0.0.1]:54565
TpTrace Information: 0 : 11316, 5, 2021/12/20, 18:27:19.329, 3227662527806, testhost.dll, TestRequestHandler.OnMessageReceived: Running job 'TestExecution.Initialize'.
TpTrace Verbose: 0 : 11316, 5, 2021/12/20, 18:27:19.332, 3227662552582, testhost.dll, TestExecutorService: Loading the extensions
TpTrace Information: 0 : 11316, 10, 2021/12/20, 18:27:19.333, 3227662562375, testhost.dll, TestRequestHandler.OnMessageReceived: received message: (TestExecution.StartWithSources) -> {
  "AdapterSourceMap": {
    "_none_": [
      "C:\\Users\\rtoma\\source\\repos\\restauranteESI2021\\WebAPI\\WebAPITests\\bin\\Debug\\netcoreapp3.1\\fine-code-coverage\\build-output\\WebAPITests.dll"
    ]
  },
  "RunSettings": "<RunSettings>\r\n  <RunConfiguration>\r\n    <ResultsDirectory>C:\\Users\\rtoma\\source\\repos\\restauranteESI2021\\WebAPI\\WebAPITests\\bin\\Debug\\netcoreapp3.1\\fine-code-coverage\\coverage-tool-output</ResultsDirectory>\r\n    <TargetPlatform>X64</TargetPlatform>\r\n    <TargetFrameworkVersion>.NETCoreApp,Version=v3.1</TargetFrameworkVersion>\r\n    <DesignMode>False</DesignMode>\r\n    <CollectSourceInformation>False</CollectSourceInformation>\r\n  </RunConfiguration>\r\n  <LoggerRunSettings>\r\n    <Loggers>\r\n      <Logger friendlyName=\"blame\" enabled=\"True\" />\r\n      <Logger friendlyName=\"Console\" uri=\"logger://microsoft/TestPlatform/ConsoleLogger/v1\" assemblyQualifiedName=\"Microsoft.VisualStudio.TestPlatform.CommandLine.Internal.ConsoleLogger, vstest.console, Version=15.0.0.0, Culture=neutral, PublicKeyToken=b03f5f7f11d50a3a\" codeBase=\"C:\\Program Files\\dotnet\\sdk\\5.0.403\\vstest.console.dll\" enabled=\"True\" />\r\n    </Loggers>\r\n  </LoggerRunSettings>\r\n  <DataCollectionRunSettings>\r\n    <DataCollectors>\r\n      <DataCollector friendlyName=\"blame\" enabled=\"True\">\r\n        <Configuration>\r\n          <ResultsDirectory>C:\\Users\\rtoma\\source\\repos\\restauranteESI2021\\WebAPI\\WebAPITests\\bin\\Debug\\netcoreapp3.1\\fine-code-coverage\\coverage-tool-output</ResultsDirectory>\r\n        </Configuration>\r\n      </DataCollector>\r\n    </DataCollectors>\r\n  </DataCollectionRunSettings>\r\n</RunSettings>",
  "TestExecutionContext": {
    "FrequencyOfRunStatsChangeEvent": 10,
    "RunStatsChangeEventTimeout": "00:00:01.5000000",
    "InIsolation": false,
    "KeepAlive": false,
    "AreTestCaseLevelEventsRequired": false,
    "IsDebug": false,
    "TestCaseFilter": null,
    "FilterOptions": null
  },
  "Package": null
}
TpTrace Verbose: 0 : 11316, 5, 2021/12/20, 18:27:19.334, 3227662575791, testhost.dll, TestPluginCache.DiscoverTestExtensions: finding test extensions in assemblies ends with: TestAdapter.dll TPluginInfo: Microsoft.VisualStudio.TestPlatform.Common.ExtensionFramework.Utilities.TestExecutorPluginInformation TExtension: Microsoft.VisualStudio.TestPlatform.ObjectModel.Adapter.ITestExecutor
TpTrace Verbose: 0 : 11316, 5, 2021/12/20, 18:27:19.336, 3227662591087, testhost.dll, TestPluginCache.GetExtensionPaths: Filtered extension paths: 
TpTrace Verbose: 0 : 11316, 5, 2021/12/20, 18:27:19.336, 3227662599318, testhost.dll, TestPluginCache.GetExtensionPaths: Added default extension paths: C:\Users\rtoma\source\repos\restauranteESI2021\WebAPI\WebAPITests\bin\Debug\netcoreapp3.1\fine-code-coverage\build-output\Microsoft.VisualStudio.TestPlatform.MSTest.TestAdapter.dll
TpTrace Verbose: 0 : 11316, 5, 2021/12/20, 18:27:19.336, 3227662600541, testhost.dll, TestPluginCache.GetExtensionPaths: Added unfilterableExtensionPaths: 
TpTrace Information: 0 : 11316, 5, 2021/12/20, 18:27:19.340, 3227662638886, testhost.dll, AssemblyResolver.ctor: Creating AssemblyResolver with searchDirectories C:\Users\rtoma\source\repos\restauranteESI2021\WebAPI\WebAPITests\bin\Debug\netcoreapp3.1\fine-code-coverage\build-output
TpTrace Verbose: 0 : 11316, 5, 2021/12/20, 18:27:19.343, 3227662662697, testhost.dll, TestPluginCache.DiscoverTestExtensions: Discovering the extensions using extension path.
TpTrace Verbose: 0 : 11316, 5, 2021/12/20, 18:27:19.343, 3227662664368, testhost.dll, TestPluginCache.GetExtensionPaths: Filtered extension paths: 
TpTrace Verbose: 0 : 11316, 5, 2021/12/20, 18:27:19.343, 3227662664876, testhost.dll, TestPluginCache.GetExtensionPaths: Added default extension paths: C:\Users\rtoma\source\repos\restauranteESI2021\WebAPI\WebAPITests\bin\Debug\netcoreapp3.1\fine-code-coverage\build-output\Microsoft.VisualStudio.TestPlatform.MSTest.TestAdapter.dll
TpTrace Verbose: 0 : 11316, 5, 2021/12/20, 18:27:19.343, 3227662665260, testhost.dll, TestPluginCache.GetExtensionPaths: Added unfilterableExtensionPaths: 
TpTrace Verbose: 0 : 11316, 5, 2021/12/20, 18:27:19.343, 3227662666076, testhost.dll, TestPluginCache.DiscoverTestExtensions: Discovering the extensions using allExtensionPaths: C:\Users\rtoma\source\repos\restauranteESI2021\WebAPI\WebAPITests\bin\Debug\netcoreapp3.1\fine-code-coverage\build-output\Microsoft.VisualStudio.TestPlatform.MSTest.TestAdapter.dll
TpTrace Information: 0 : 11316, 5, 2021/12/20, 18:27:19.344, 3227662675958, testhost.dll, AssemblyResolver.AddSearchDirectories: Adding more searchDirectories C:\Users\rtoma\source\repos\restauranteESI2021\WebAPI\WebAPITests\bin\Debug\netcoreapp3.1\fine-code-coverage\build-output
TpTrace Information: 0 : 11316, 5, 2021/12/20, 18:27:19.352, 3227662758162, testhost.dll, AssemblyResolver.OnResolve: Microsoft.VisualStudio.TestPlatform.MSTest.TestAdapter: Resolving assembly.
TpTrace Information: 0 : 11316, 5, 2021/12/20, 18:27:19.352, 3227662760076, testhost.dll, AssemblyResolver.OnResolve: Microsoft.VisualStudio.TestPlatform.MSTest.TestAdapter: Searching in: 'C:\Users\rtoma\source\repos\restauranteESI2021\WebAPI\WebAPITests\bin\Debug\netcoreapp3.1\fine-code-coverage\build-output'.
TpTrace Information: 0 : 11316, 5, 2021/12/20, 18:27:19.354, 3227662774180, testhost.dll, AssemblyResolver.OnResolve: Microsoft.VisualStudio.TestPlatform.MSTest.TestAdapter: Loading assembly 'C:\Users\rtoma\source\repos\restauranteESI2021\WebAPI\WebAPITests\bin\Debug\netcoreapp3.1\fine-code-coverage\build-output\Microsoft.VisualStudio.TestPlatform.MSTest.TestAdapter.dll'.
TpTrace Information: 0 : 11316, 5, 2021/12/20, 18:27:19.355, 3227662787175, testhost.dll, AssemblyResolver.OnResolve: Resolved assembly: Microsoft.VisualStudio.TestPlatform.MSTest.TestAdapter, from path: C:\Users\rtoma\source\repos\restauranteESI2021\WebAPI\WebAPITests\bin\Debug\netcoreapp3.1\fine-code-coverage\build-output\Microsoft.VisualStudio.TestPlatform.MSTest.TestAdapter.dll
TpTrace Verbose: 0 : 11316, 5, 2021/12/20, 18:27:19.365, 3227662885973, testhost.dll, TestPluginCache: Discovered the extensions using extension path ''.
TpTrace Verbose: 0 : 11316, 5, 2021/12/20, 18:27:19.366, 3227662891623, testhost.dll, TestPluginCache: Discoverers are ''.
TpTrace Verbose: 0 : 11316, 5, 2021/12/20, 18:27:19.366, 3227662898126, testhost.dll, TestPluginCache: Executors are 'executor://MSTestAdapter/v2'.
TpTrace Verbose: 0 : 11316, 5, 2021/12/20, 18:27:19.366, 3227662899864, testhost.dll, TestPluginCache: Executors2 are ''.
TpTrace Verbose: 0 : 11316, 5, 2021/12/20, 18:27:19.367, 3227662901215, testhost.dll, TestPluginCache: Setting providers are ''.
TpTrace Verbose: 0 : 11316, 5, 2021/12/20, 18:27:19.367, 3227662902467, testhost.dll, TestPluginCache: Loggers are ''.
TpTrace Verbose: 0 : 11316, 5, 2021/12/20, 18:27:19.372, 3227662951508, testhost.dll, TestPluginCache.DiscoverTestExtensions: finding test extensions in assemblies ends with: TestAdapter.dll TPluginInfo: Microsoft.VisualStudio.TestPlatform.Common.ExtensionFramework.Utilities.TestExecutorPluginInformation2 TExtension: Microsoft.VisualStudio.TestPlatform.ObjectModel.Adapter.ITestExecutor2
TpTrace Verbose: 0 : 11316, 5, 2021/12/20, 18:27:19.372, 3227662956537, testhost.dll, TestPluginCache.GetExtensionPaths: Filtered extension paths: 
TpTrace Verbose: 0 : 11316, 5, 2021/12/20, 18:27:19.372, 3227662957760, testhost.dll, TestPluginCache.GetExtensionPaths: Added default extension paths: C:\Users\rtoma\source\repos\restauranteESI2021\WebAPI\WebAPITests\bin\Debug\netcoreapp3.1\fine-code-coverage\build-output\Microsoft.VisualStudio.TestPlatform.MSTest.TestAdapter.dll
TpTrace Verbose: 0 : 11316, 5, 2021/12/20, 18:27:19.372, 3227662958540, testhost.dll, TestPluginCache.GetExtensionPaths: Added unfilterableExtensionPaths: 
TpTrace Information: 0 : 11316, 5, 2021/12/20, 18:27:19.373, 3227662961796, testhost.dll, AssemblyResolver.AddSearchDirectories: Adding more searchDirectories C:\Users\rtoma\source\repos\restauranteESI2021\WebAPI\WebAPITests\bin\Debug\netcoreapp3.1\fine-code-coverage\build-output
TpTrace Verbose: 0 : 11316, 5, 2021/12/20, 18:27:19.373, 3227662962848, testhost.dll, TestPluginCache.DiscoverTestExtensions: Discovering the extensions using extension path.
TpTrace Verbose: 0 : 11316, 5, 2021/12/20, 18:27:19.373, 3227662963572, testhost.dll, TestPluginCache.GetExtensionPaths: Filtered extension paths: 
TpTrace Verbose: 0 : 11316, 10, 2021/12/20, 18:27:19.373, 3227662963995, testhost.dll, TcpClientExtensions.MessageLoopAsync: Polling on remoteEndPoint: [::ffff:127.0.0.1]:54564 localEndPoint: [::ffff:127.0.0.1]:54565
TpTrace Verbose: 0 : 11316, 5, 2021/12/20, 18:27:19.373, 3227662964941, testhost.dll, TestPluginCache.GetExtensionPaths: Added default extension paths: C:\Users\rtoma\source\repos\restauranteESI2021\WebAPI\WebAPITests\bin\Debug\netcoreapp3.1\fine-code-coverage\build-output\Microsoft.VisualStudio.TestPlatform.MSTest.TestAdapter.dll
TpTrace Verbose: 0 : 11316, 5, 2021/12/20, 18:27:19.373, 3227662966439, testhost.dll, TestPluginCache.GetExtensionPaths: Added unfilterableExtensionPaths: 
TpTrace Verbose: 0 : 11316, 5, 2021/12/20, 18:27:19.373, 3227662966965, testhost.dll, TestPluginCache.DiscoverTestExtensions: Discovering the extensions using allExtensionPaths: C:\Users\rtoma\source\repos\restauranteESI2021\WebAPI\WebAPITests\bin\Debug\netcoreapp3.1\fine-code-coverage\build-output\Microsoft.VisualStudio.TestPlatform.MSTest.TestAdapter.dll
TpTrace Information: 0 : 11316, 5, 2021/12/20, 18:27:19.373, 3227662968036, testhost.dll, AssemblyResolver.AddSearchDirectories: Adding more searchDirectories C:\Users\rtoma\source\repos\restauranteESI2021\WebAPI\WebAPITests\bin\Debug\netcoreapp3.1\fine-code-coverage\build-output
TpTrace Verbose: 0 : 11316, 5, 2021/12/20, 18:27:19.374, 3227662971259, testhost.dll, TestPluginCache: Discovered the extensions using extension path ''.
TpTrace Verbose: 0 : 11316, 5, 2021/12/20, 18:27:19.374, 3227662972515, testhost.dll, TestPluginCache: Discoverers are ''.
TpTrace Verbose: 0 : 11316, 5, 2021/12/20, 18:27:19.374, 3227662973771, testhost.dll, TestPluginCache: Executors are 'executor://MSTestAdapter/v2'.
TpTrace Verbose: 0 : 11316, 5, 2021/12/20, 18:27:19.374, 3227662975213, testhost.dll, TestPluginCache: Executors2 are ''.
TpTrace Verbose: 0 : 11316, 5, 2021/12/20, 18:27:19.374, 3227662975781, testhost.dll, TestPluginCache: Setting providers are ''.
TpTrace Verbose: 0 : 11316, 5, 2021/12/20, 18:27:19.374, 3227662977139, testhost.dll, TestPluginCache: Loggers are ''.
TpTrace Information: 0 : 11316, 5, 2021/12/20, 18:27:19.380, 3227663035362, testhost.dll, TestPluginManager.CreateTestExtension: Attempting to load test extension: Microsoft.VisualStudio.TestPlatform.MSTest.TestAdapter.MSTestExecutor
TpTrace Verbose: 0 : 11316, 5, 2021/12/20, 18:27:19.385, 3227663087871, testhost.dll, TestExecutorExtensionManager: Loading executor Microsoft.VisualStudio.TestPlatform.MSTest.TestAdapter.MSTestExecutor
TpTrace Verbose: 0 : 11316, 5, 2021/12/20, 18:27:19.385, 3227663089121, testhost.dll, TestExecutorService: Loaded the executors
TpTrace Verbose: 0 : 11316, 5, 2021/12/20, 18:27:19.386, 3227663099314, testhost.dll, TestPluginCache.DiscoverTestExtensions: finding test extensions in assemblies ends with: TestAdapter.dll TPluginInfo: Microsoft.VisualStudio.TestPlatform.Common.ExtensionFramework.Utilities.TestSettingsProviderPluginInformation TExtension: Microsoft.VisualStudio.TestPlatform.ObjectModel.Adapter.ISettingsProvider
TpTrace Verbose: 0 : 11316, 5, 2021/12/20, 18:27:19.386, 3227663100626, testhost.dll, TestPluginCache.GetExtensionPaths: Filtered extension paths: 
TpTrace Verbose: 0 : 11316, 5, 2021/12/20, 18:27:19.387, 3227663101512, testhost.dll, TestPluginCache.GetExtensionPaths: Added default extension paths: C:\Users\rtoma\source\repos\restauranteESI2021\WebAPI\WebAPITests\bin\Debug\netcoreapp3.1\fine-code-coverage\build-output\Microsoft.VisualStudio.TestPlatform.MSTest.TestAdapter.dll
TpTrace Verbose: 0 : 11316, 5, 2021/12/20, 18:27:19.387, 3227663102213, testhost.dll, TestPluginCache.GetExtensionPaths: Added unfilterableExtensionPaths: 
TpTrace Information: 0 : 11316, 5, 2021/12/20, 18:27:19.387, 3227663104080, testhost.dll, AssemblyResolver.AddSearchDirectories: Adding more searchDirectories C:\Users\rtoma\source\repos\restauranteESI2021\WebAPI\WebAPITests\bin\Debug\netcoreapp3.1\fine-code-coverage\build-output
TpTrace Verbose: 0 : 11316, 5, 2021/12/20, 18:27:19.387, 3227663104623, testhost.dll, TestPluginCache.DiscoverTestExtensions: Discovering the extensions using extension path.
TpTrace Verbose: 0 : 11316, 5, 2021/12/20, 18:27:19.387, 3227663105087, testhost.dll, TestPluginCache.GetExtensionPaths: Filtered extension paths: 
TpTrace Verbose: 0 : 11316, 5, 2021/12/20, 18:27:19.387, 3227663105462, testhost.dll, TestPluginCache.GetExtensionPaths: Added default extension paths: C:\Users\rtoma\source\repos\restauranteESI2021\WebAPI\WebAPITests\bin\Debug\netcoreapp3.1\fine-code-coverage\build-output\Microsoft.VisualStudio.TestPlatform.MSTest.TestAdapter.dll
TpTrace Verbose: 0 : 11316, 5, 2021/12/20, 18:27:19.387, 3227663105814, testhost.dll, TestPluginCache.GetExtensionPaths: Added unfilterableExtensionPaths: 
TpTrace Verbose: 0 : 11316, 5, 2021/12/20, 18:27:19.387, 3227663106247, testhost.dll, TestPluginCache.DiscoverTestExtensions: Discovering the extensions using allExtensionPaths: C:\Users\rtoma\source\repos\restauranteESI2021\WebAPI\WebAPITests\bin\Debug\netcoreapp3.1\fine-code-coverage\build-output\Microsoft.VisualStudio.TestPlatform.MSTest.TestAdapter.dll
TpTrace Information: 0 : 11316, 5, 2021/12/20, 18:27:19.387, 3227663106783, testhost.dll, AssemblyResolver.AddSearchDirectories: Adding more searchDirectories C:\Users\rtoma\source\repos\restauranteESI2021\WebAPI\WebAPITests\bin\Debug\netcoreapp3.1\fine-code-coverage\build-output
TpTrace Verbose: 0 : 11316, 5, 2021/12/20, 18:27:19.387, 3227663109180, testhost.dll, TestPluginCache: Discovered the extensions using extension path ''.
TpTrace Verbose: 0 : 11316, 5, 2021/12/20, 18:27:19.387, 3227663109697, testhost.dll, TestPluginCache: Discoverers are ''.
TpTrace Verbose: 0 : 11316, 5, 2021/12/20, 18:27:19.387, 3227663110073, testhost.dll, TestPluginCache: Executors are 'executor://MSTestAdapter/v2'.
TpTrace Verbose: 0 : 11316, 5, 2021/12/20, 18:27:19.387, 3227663110430, testhost.dll, TestPluginCache: Executors2 are ''.
TpTrace Verbose: 0 : 11316, 5, 2021/12/20, 18:27:19.387, 3227663110890, testhost.dll, TestPluginCache: Setting providers are ''.
TpTrace Verbose: 0 : 11316, 5, 2021/12/20, 18:27:19.388, 3227663111305, testhost.dll, TestPluginCache: Loggers are ''.
TpTrace Verbose: 0 : 11316, 5, 2021/12/20, 18:27:19.389, 3227663122425, testhost.dll, TestExecutorService: Loaded the settings providers
TpTrace Information: 0 : 11316, 5, 2021/12/20, 18:27:19.389, 3227663123228, testhost.dll, TestExecutorService: Loaded the extensions
TpTrace Information: 0 : 11316, 5, 2021/12/20, 18:27:19.389, 3227663129708, testhost.dll, TestRequestHandler.OnMessageReceived: Running job 'TestExecution.StartWithSources'.
TpTrace Information: 0 : 11316, 5, 2021/12/20, 18:27:19.496, 3227664199764, testhost.dll, TestDiscoveryManager: Discovering tests from sources C:\Users\rtoma\source\repos\restauranteESI2021\WebAPI\WebAPITests\bin\Debug\netcoreapp3.1\fine-code-coverage\build-output\WebAPITests.dll
TpTrace Verbose: 0 : 11316, 5, 2021/12/20, 18:27:19.502, 3227664257188, testhost.dll, TestPluginCache.DiscoverTestExtensions: finding test extensions in assemblies ends with: TestAdapter.dll TPluginInfo: Microsoft.VisualStudio.TestPlatform.Common.ExtensionFramework.Utilities.TestDiscovererPluginInformation TExtension: Microsoft.VisualStudio.TestPlatform.ObjectModel.Adapter.ITestDiscoverer
TpTrace Verbose: 0 : 11316, 5, 2021/12/20, 18:27:19.503, 3227664261021, testhost.dll, TestPluginCache.GetExtensionPaths: Filtered extension paths: 
TpTrace Verbose: 0 : 11316, 5, 2021/12/20, 18:27:19.503, 3227664262006, testhost.dll, TestPluginCache.GetExtensionPaths: Added default extension paths: C:\Users\rtoma\source\repos\restauranteESI2021\WebAPI\WebAPITests\bin\Debug\netcoreapp3.1\fine-code-coverage\build-output\Microsoft.VisualStudio.TestPlatform.MSTest.TestAdapter.dll
TpTrace Verbose: 0 : 11316, 5, 2021/12/20, 18:27:19.503, 3227664262861, testhost.dll, TestPluginCache.GetExtensionPaths: Added unfilterableExtensionPaths: 
TpTrace Information: 0 : 11316, 5, 2021/12/20, 18:27:19.503, 3227664266541, testhost.dll, AssemblyResolver.AddSearchDirectories: Adding more searchDirectories C:\Users\rtoma\source\repos\restauranteESI2021\WebAPI\WebAPITests\bin\Debug\netcoreapp3.1\fine-code-coverage\build-output
TpTrace Verbose: 0 : 11316, 5, 2021/12/20, 18:27:19.503, 3227664268174, testhost.dll, TestPluginCache.DiscoverTestExtensions: Discovering the extensions using extension path.
TpTrace Verbose: 0 : 11316, 5, 2021/12/20, 18:27:19.503, 3227664269732, testhost.dll, TestPluginCache.GetExtensionPaths: Filtered extension paths: 
TpTrace Verbose: 0 : 11316, 5, 2021/12/20, 18:27:19.503, 3227664270688, testhost.dll, TestPluginCache.GetExtensionPaths: Added default extension paths: C:\Users\rtoma\source\repos\restauranteESI2021\WebAPI\WebAPITests\bin\Debug\netcoreapp3.1\fine-code-coverage\build-output\Microsoft.VisualStudio.TestPlatform.MSTest.TestAdapter.dll
TpTrace Verbose: 0 : 11316, 5, 2021/12/20, 18:27:19.504, 3227664272216, testhost.dll, TestPluginCache.GetExtensionPaths: Added unfilterableExtensionPaths: 
TpTrace Verbose: 0 : 11316, 5, 2021/12/20, 18:27:19.504, 3227664273750, testhost.dll, TestPluginCache.DiscoverTestExtensions: Discovering the extensions using allExtensionPaths: C:\Users\rtoma\source\repos\restauranteESI2021\WebAPI\WebAPITests\bin\Debug\netcoreapp3.1\fine-code-coverage\build-output\Microsoft.VisualStudio.TestPlatform.MSTest.TestAdapter.dll
TpTrace Information: 0 : 11316, 5, 2021/12/20, 18:27:19.504, 3227664275320, testhost.dll, AssemblyResolver.AddSearchDirectories: Adding more searchDirectories C:\Users\rtoma\source\repos\restauranteESI2021\WebAPI\WebAPITests\bin\Debug\netcoreapp3.1\fine-code-coverage\build-output
TpTrace Verbose: 0 : 11316, 5, 2021/12/20, 18:27:19.509, 3227664329423, testhost.dll, TestPluginCache: Discovered the extensions using extension path ''.
TpTrace Verbose: 0 : 11316, 5, 2021/12/20, 18:27:19.510, 3227664331288, testhost.dll, TestPluginCache: Discoverers are 'Microsoft.VisualStudio.TestPlatform.MSTest.TestAdapter.MSTestDiscoverer, Microsoft.VisualStudio.TestPlatform.MSTest.TestAdapter, Version=14.0.0.0, Culture=neutral, PublicKeyToken=b03f5f7f11d50a3a'.
TpTrace Verbose: 0 : 11316, 5, 2021/12/20, 18:27:19.510, 3227664332481, testhost.dll, TestPluginCache: Executors are 'executor://MSTestAdapter/v2'.
TpTrace Verbose: 0 : 11316, 5, 2021/12/20, 18:27:19.510, 3227664333469, testhost.dll, TestPluginCache: Executors2 are ''.
TpTrace Verbose: 0 : 11316, 5, 2021/12/20, 18:27:19.510, 3227664334220, testhost.dll, TestPluginCache: Setting providers are ''.
TpTrace Verbose: 0 : 11316, 5, 2021/12/20, 18:27:19.510, 3227664335447, testhost.dll, TestPluginCache: Loggers are ''.
TpTrace Verbose: 0 : 11316, 5, 2021/12/20, 18:27:19.528, 3227664520032, testhost.dll, BaseRunTests.RunTestInternalWithExecutors: Running tests for executor://MSTestAdapter/v2
TpTrace Information: 0 : 11316, 5, 2021/12/20, 18:27:19.529, 3227664530094, testhost.dll, AssemblyResolver.OnResolve: Microsoft.VisualStudio.TestPlatform.MSTestAdapter.PlatformServices.Interface: Resolving assembly.
TpTrace Information: 0 : 11316, 5, 2021/12/20, 18:27:19.530, 3227664532094, testhost.dll, AssemblyResolver.OnResolve: Microsoft.VisualStudio.TestPlatform.MSTestAdapter.PlatformServices.Interface: Searching in: 'C:\Users\rtoma\source\repos\restauranteESI2021\WebAPI\WebAPITests\bin\Debug\netcoreapp3.1\fine-code-coverage\build-output'.
TpTrace Information: 0 : 11316, 5, 2021/12/20, 18:27:19.530, 3227664536776, testhost.dll, AssemblyResolver.OnResolve: Microsoft.VisualStudio.TestPlatform.MSTestAdapter.PlatformServices.Interface: Loading assembly 'C:\Users\rtoma\source\repos\restauranteESI2021\WebAPI\WebAPITests\bin\Debug\netcoreapp3.1\fine-code-coverage\build-output\Microsoft.VisualStudio.TestPlatform.MSTestAdapter.PlatformServices.Interface.dll'.
TpTrace Information: 0 : 11316, 5, 2021/12/20, 18:27:19.531, 3227664542318, testhost.dll, AssemblyResolver.OnResolve: Resolved assembly: Microsoft.VisualStudio.TestPlatform.MSTestAdapter.PlatformServices.Interface, from path: C:\Users\rtoma\source\repos\restauranteESI2021\WebAPI\WebAPITests\bin\Debug\netcoreapp3.1\fine-code-coverage\build-output\Microsoft.VisualStudio.TestPlatform.MSTestAdapter.PlatformServices.Interface.dll
TpTrace Information: 0 : 11316, 5, 2021/12/20, 18:27:19.533, 3227664562934, testhost.dll, AssemblyResolver.OnResolve: Microsoft.VisualStudio.TestPlatform.MSTestAdapter.PlatformServices: Resolving assembly.
TpTrace Information: 0 : 11316, 5, 2021/12/20, 18:27:19.533, 3227664564844, testhost.dll, AssemblyResolver.OnResolve: Microsoft.VisualStudio.TestPlatform.MSTestAdapter.PlatformServices: Searching in: 'C:\Users\rtoma\source\repos\restauranteESI2021\WebAPI\WebAPITests\bin\Debug\netcoreapp3.1\fine-code-coverage\build-output'.
TpTrace Information: 0 : 11316, 5, 2021/12/20, 18:27:19.533, 3227664570395, testhost.dll, AssemblyResolver.OnResolve: Microsoft.VisualStudio.TestPlatform.MSTestAdapter.PlatformServices: Loading assembly 'C:\Users\rtoma\source\repos\restauranteESI2021\WebAPI\WebAPITests\bin\Debug\netcoreapp3.1\fine-code-coverage\build-output\Microsoft.VisualStudio.TestPlatform.MSTestAdapter.PlatformServices.dll'.
TpTrace Information: 0 : 11316, 5, 2021/12/20, 18:27:19.535, 3227664587789, testhost.dll, AssemblyResolver.OnResolve: Resolved assembly: Microsoft.VisualStudio.TestPlatform.MSTestAdapter.PlatformServices, from path: C:\Users\rtoma\source\repos\restauranteESI2021\WebAPI\WebAPITests\bin\Debug\netcoreapp3.1\fine-code-coverage\build-output\Microsoft.VisualStudio.TestPlatform.MSTestAdapter.PlatformServices.dll
TpTrace Information: 0 : 11316, 5, 2021/12/20, 18:27:19.536, 3227664596372, testhost.dll, MSTest - MSTestExecutor.RunTests: Running tests from sources.
TpTrace Information: 0 : 11316, 5, 2021/12/20, 18:27:19.545, 3227664684162, testhost.dll, MSTest - CollectSourceInformation value Found : False 
TpTrace Information: 0 : 11316, 5, 2021/12/20, 18:27:19.589, 3227665122740, testhost.dll, MSTest - DictionaryHelper.ConcatWithOverwrites: The source is null or empty, returning the overwrite dictionary.
TpTrace Information: 0 : 11316, 5, 2021/12/20, 18:27:19.600, 3227665237365, testhost.dll, MSTest - DictionaryHelper.ConcatWithOverwrites: The source is null or empty, returning the overwrite dictionary.
TpTrace Information: 0 : 11316, 5, 2021/12/20, 18:27:19.601, 3227665242453, testhost.dll, MSTest - DictionaryHelper.ConcatWithOverwrites: The source is null or empty, returning the overwrite dictionary.
TpTrace Information: 0 : 11316, 5, 2021/12/20, 18:27:19.601, 3227665250818, testhost.dll, MSTest - DictionaryHelper.ConcatWithOverwrites: The source is null or empty, returning the overwrite dictionary.
TpTrace Information: 0 : 11316, 5, 2021/12/20, 18:27:19.612, 3227665352824, testhost.dll, AssemblyResolver.OnResolve: Microsoft.TestPlatform.AdapterUtilities: Resolving assembly.
TpTrace Information: 0 : 11316, 5, 2021/12/20, 18:27:19.612, 3227665354711, testhost.dll, AssemblyResolver.OnResolve: Microsoft.TestPlatform.AdapterUtilities: Searching in: 'C:\Users\rtoma\source\repos\restauranteESI2021\WebAPI\WebAPITests\bin\Debug\netcoreapp3.1\fine-code-coverage\build-output'.
TpTrace Information: 0 : 11316, 5, 2021/12/20, 18:27:19.612, 3227665360136, testhost.dll, AssemblyResolver.OnResolve: Microsoft.TestPlatform.AdapterUtilities: Loading assembly 'C:\Users\rtoma\source\repos\restauranteESI2021\WebAPI\WebAPITests\bin\Debug\netcoreapp3.1\fine-code-coverage\build-output\Microsoft.TestPlatform.AdapterUtilities.dll'.
TpTrace Information: 0 : 11316, 5, 2021/12/20, 18:27:19.613, 3227665369657, testhost.dll, AssemblyResolver.OnResolve: Resolved assembly: Microsoft.TestPlatform.AdapterUtilities, from path: C:\Users\rtoma\source\repos\restauranteESI2021\WebAPI\WebAPITests\bin\Debug\netcoreapp3.1\fine-code-coverage\build-output\Microsoft.TestPlatform.AdapterUtilities.dll
TpTrace Information: 0 : 11316, 5, 2021/12/20, 18:27:19.661, 3227665846585, testhost.dll, MSTest - DictionaryHelper.ConcatWithOverwrites: The source is null or empty, returning the overwrite dictionary.
TpTrace Information: 0 : 11316, 5, 2021/12/20, 18:27:19.662, 3227665858477, testhost.dll, MSTest - DictionaryHelper.ConcatWithOverwrites: The source is null or empty, returning the overwrite dictionary.
TpTrace Information: 0 : 11316, 5, 2021/12/20, 18:27:19.664, 3227665871163, testhost.dll, MSTest - MSTestDiscoverer: Found 12 tests from source C:\Users\rtoma\source\repos\restauranteESI2021\WebAPI\WebAPITests\bin\Debug\netcoreapp3.1\fine-code-coverage\build-output\WebAPITests.dll
TpTrace Information: 0 : 11316, 5, 2021/12/20, 18:27:19.694, 3227666178253, testhost.dll, AssemblyResolver.OnResolve: Microsoft.VisualStudio.TestPlatform.MSTestAdapter.PlatformServices.resources: Resolving assembly.
TpTrace Information: 0 : 11316, 5, 2021/12/20, 18:27:19.694, 3227666180137, testhost.dll, AssemblyResolver.OnResolve: Microsoft.VisualStudio.TestPlatform.MSTestAdapter.PlatformServices.resources: Searching in: 'C:\Users\rtoma\source\repos\restauranteESI2021\WebAPI\WebAPITests\bin\Debug\netcoreapp3.1\fine-code-coverage\build-output'.
TpTrace Information: 0 : 11316, 5, 2021/12/20, 18:27:19.695, 3227666182090, testhost.dll, AssemblyResolver.OnResolve: Microsoft.VisualStudio.TestPlatform.MSTestAdapter.PlatformServices.resources: Assembly path does not exist: 'C:\Users\rtoma\source\repos\restauranteESI2021\WebAPI\WebAPITests\bin\Debug\netcoreapp3.1\fine-code-coverage\build-output\Microsoft.VisualStudio.TestPlatform.MSTestAdapter.PlatformServices.resources.dll', returning.
TpTrace Information: 0 : 11316, 5, 2021/12/20, 18:27:19.695, 3227666183742, testhost.dll, AssemblyResolver.OnResolve: Microsoft.VisualStudio.TestPlatform.MSTestAdapter.PlatformServices.resources: Assembly path does not exist: 'C:\Users\rtoma\source\repos\restauranteESI2021\WebAPI\WebAPITests\bin\Debug\netcoreapp3.1\fine-code-coverage\build-output\Microsoft.VisualStudio.TestPlatform.MSTestAdapter.PlatformServices.resources.exe', returning.
TpTrace Information: 0 : 11316, 5, 2021/12/20, 18:27:19.695, 3227666184511, testhost.dll, AssemblyResolver.OnResolve: Microsoft.VisualStudio.TestPlatform.MSTestAdapter.PlatformServices.resources: Failed to load assembly.
TpTrace Information: 0 : 11316, 5, 2021/12/20, 18:27:19.695, 3227666189297, testhost.dll, AssemblyResolver.OnResolve: Microsoft.VisualStudio.TestPlatform.MSTestAdapter.PlatformServices.resources: Resolving assembly.
TpTrace Information: 0 : 11316, 5, 2021/12/20, 18:27:19.696, 3227666191252, testhost.dll, AssemblyResolver.OnResolve: Microsoft.VisualStudio.TestPlatform.MSTestAdapter.PlatformServices.resources: Resolved from cache.
TpTrace Information: 0 : 11316, 5, 2021/12/20, 18:27:19.712, 3227666356268, testhost.dll, MSTest - Created unit-test runner C:\Users\rtoma\source\repos\restauranteESI2021\WebAPI\WebAPITests\bin\Debug\netcoreapp3.1\fine-code-coverage\build-output\WebAPITests.dll
TpTrace Verbose: 0 : 11316, 5, 2021/12/20, 18:27:19.723, 3227666469728, testhost.dll, TestExecutionRecorder.RecordStart: Starting test: WebAPI.Controllers.Tests.IngredientesTests.GetIngredientesTest.
TpTrace Information: 0 : 11316, 5, 2021/12/20, 18:27:19.867, 3227667910615, testhost.dll, MSTest - Executing test GetIngredientesTest
TpTrace Information: 0 : 11316, 5, 2021/12/20, 18:27:20.286, 3227672098456, testhost.dll, AssemblyResolver.OnResolve: System.Data.SqlClient.resources: Resolving assembly.
TpTrace Information: 0 : 11316, 5, 2021/12/20, 18:27:20.286, 3227672100123, testhost.dll, AssemblyResolver.OnResolve: System.Data.SqlClient.resources: Searching in: 'C:\Users\rtoma\source\repos\restauranteESI2021\WebAPI\WebAPITests\bin\Debug\netcoreapp3.1\fine-code-coverage\build-output'.
TpTrace Information: 0 : 11316, 5, 2021/12/20, 18:27:20.287, 3227672102459, testhost.dll, AssemblyResolver.OnResolve: System.Data.SqlClient.resources: Assembly path does not exist: 'C:\Users\rtoma\source\repos\restauranteESI2021\WebAPI\WebAPITests\bin\Debug\netcoreapp3.1\fine-code-coverage\build-output\System.Data.SqlClient.resources.dll', returning.
TpTrace Information: 0 : 11316, 5, 2021/12/20, 18:27:20.287, 3227672104351, testhost.dll, AssemblyResolver.OnResolve: System.Data.SqlClient.resources: Assembly path does not exist: 'C:\Users\rtoma\source\repos\restauranteESI2021\WebAPI\WebAPITests\bin\Debug\netcoreapp3.1\fine-code-coverage\build-output\System.Data.SqlClient.resources.exe', returning.
TpTrace Information: 0 : 11316, 5, 2021/12/20, 18:27:20.287, 3227672105097, testhost.dll, AssemblyResolver.OnResolve: System.Data.SqlClient.resources: Failed to load assembly.
TpTrace Information: 0 : 11316, 5, 2021/12/20, 18:27:20.287, 3227672109518, testhost.dll, AssemblyResolver.OnResolve: System.Data.SqlClient.resources: Resolving assembly.
TpTrace Information: 0 : 11316, 5, 2021/12/20, 18:27:20.288, 3227672111919, testhost.dll, AssemblyResolver.OnResolve: System.Data.SqlClient.resources: Resolved from cache.
TpTrace Verbose: 0 : 11316, 10, 2021/12/20, 18:27:20.380, 3227673032580, testhost.dll, TcpClientExtensions.MessageLoopAsync: Polling on remoteEndPoint: [::ffff:127.0.0.1]:54564 localEndPoint: [::ffff:127.0.0.1]:54565
TpTrace Information: 0 : 11316, 5, 2021/12/20, 18:27:20.455, 3227673786882, testhost.dll, MSTest - Executed test GetIngredientesTest
TpTrace Verbose: 0 : 11316, 5, 2021/12/20, 18:27:20.462, 3227673856173, testhost.dll, TestExecutionRecorder.RecordEnd: test: WebAPI.Controllers.Tests.IngredientesTests.GetIngredientesTest execution completed.
TpTrace Verbose: 0 : 11316, 5, 2021/12/20, 18:27:20.480, 3227674036663, testhost.dll, TestExecutionRecorder.RecordResult: Received result for test: WebAPI.Controllers.Tests.IngredientesTests.GetIngredientesTest.
TpTrace Warning: 0 : 11316, 5, 2021/12/20, 18:27:20.486, 3227674095682, testhost.dll, TestRunCache: InProgressTests is null
TpTrace Warning: 0 : 11316, 5, 2021/12/20, 18:27:20.486, 3227674098406, testhost.dll, TestRunCache: No test found corresponding to testResult 'GetIngredientesTest' in inProgress list.
TpTrace Verbose: 0 : 11316, 5, 2021/12/20, 18:27:20.486, 3227674100426, testhost.dll, TestExecutionRecorder.RecordStart: Starting test: WebAPI.Controllers.Tests.IngredientesTests.PostIngredientesTest.
TpTrace Information: 0 : 11316, 5, 2021/12/20, 18:27:20.489, 3227674125922, testhost.dll, MSTest - Executing test PostIngredientesTest
TpTrace Information: 0 : 11316, 5, 2021/12/20, 18:27:20.502, 3227674255358, testhost.dll, MSTest - Executed test PostIngredientesTest
TpTrace Verbose: 0 : 11316, 5, 2021/12/20, 18:27:20.502, 3227674256784, testhost.dll, TestExecutionRecorder.RecordEnd: test: WebAPI.Controllers.Tests.IngredientesTests.PostIngredientesTest execution completed.
TpTrace Verbose: 0 : 11316, 5, 2021/12/20, 18:27:20.504, 3227674279483, testhost.dll, TestExecutionRecorder.RecordResult: Received result for test: WebAPI.Controllers.Tests.IngredientesTests.PostIngredientesTest.
TpTrace Warning: 0 : 11316, 5, 2021/12/20, 18:27:20.505, 3227674281456, testhost.dll, TestRunCache: InProgressTests is null
TpTrace Warning: 0 : 11316, 5, 2021/12/20, 18:27:20.505, 3227674282313, testhost.dll, TestRunCache: No test found corresponding to testResult 'PostIngredientesTest' in inProgress list.
TpTrace Verbose: 0 : 11316, 5, 2021/12/20, 18:27:20.505, 3227674283606, testhost.dll, TestExecutionRecorder.RecordStart: Starting test: WebAPI.Controllers.Tests.IngredientesTests.PutIngredientesTest.
TpTrace Information: 0 : 11316, 5, 2021/12/20, 18:27:20.510, 3227674337424, testhost.dll, MSTest - Executing test PutIngredientesTest
TpTrace Information: 0 : 11316, 5, 2021/12/20, 18:27:20.512, 3227674359399, testhost.dll, MSTest - Executed test PutIngredientesTest
TpTrace Verbose: 0 : 11316, 5, 2021/12/20, 18:27:20.512, 3227674360521, testhost.dll, TestExecutionRecorder.RecordEnd: test: WebAPI.Controllers.Tests.IngredientesTests.PutIngredientesTest execution completed.
TpTrace Verbose: 0 : 11316, 5, 2021/12/20, 18:27:20.514, 3227674376961, testhost.dll, TestExecutionRecorder.RecordResult: Received result for test: WebAPI.Controllers.Tests.IngredientesTests.PutIngredientesTest.
TpTrace Warning: 0 : 11316, 5, 2021/12/20, 18:27:20.514, 3227674378390, testhost.dll, TestRunCache: InProgressTests is null
TpTrace Warning: 0 : 11316, 5, 2021/12/20, 18:27:20.514, 3227674379215, testhost.dll, TestRunCache: No test found corresponding to testResult 'PutIngredientesTest' in inProgress list.
TpTrace Verbose: 0 : 11316, 5, 2021/12/20, 18:27:20.514, 3227674380411, testhost.dll, TestExecutionRecorder.RecordStart: Starting test: WebAPI.Controllers.Tests.IngredientesTests.DeleteIngredientesTest.
TpTrace Information: 0 : 11316, 5, 2021/12/20, 18:27:20.517, 3227674405256, testhost.dll, MSTest - Executing test DeleteIngredientesTest
TpTrace Information: 0 : 11316, 5, 2021/12/20, 18:27:20.520, 3227674431748, testhost.dll, MSTest - Executed test DeleteIngredientesTest
TpTrace Verbose: 0 : 11316, 5, 2021/12/20, 18:27:20.520, 3227674433167, testhost.dll, TestExecutionRecorder.RecordEnd: test: WebAPI.Controllers.Tests.IngredientesTests.DeleteIngredientesTest execution completed.
TpTrace Verbose: 0 : 11316, 5, 2021/12/20, 18:27:20.522, 3227674452611, testhost.dll, TestExecutionRecorder.RecordResult: Received result for test: WebAPI.Controllers.Tests.IngredientesTests.DeleteIngredientesTest.
TpTrace Warning: 0 : 11316, 5, 2021/12/20, 18:27:20.522, 3227674453948, testhost.dll, TestRunCache: InProgressTests is null
TpTrace Warning: 0 : 11316, 5, 2021/12/20, 18:27:20.522, 3227674454406, testhost.dll, TestRunCache: No test found corresponding to testResult 'DeleteIngredientesTest' in inProgress list.
TpTrace Verbose: 0 : 11316, 5, 2021/12/20, 18:27:20.522, 3227674455191, testhost.dll, TestExecutionRecorder.RecordStart: Starting test: WebAPI.Controllers.Tests.PratosTests.GetPratosTest.
TpTrace Information: 0 : 11316, 5, 2021/12/20, 18:27:20.524, 3227674476788, testhost.dll, MSTest - Executing test GetPratosTest
TpTrace Information: 0 : 11316, 5, 2021/12/20, 18:27:20.528, 3227674514975, testhost.dll, MSTest - Executed test GetPratosTest
TpTrace Verbose: 0 : 11316, 5, 2021/12/20, 18:27:20.528, 3227674516298, testhost.dll, TestExecutionRecorder.RecordEnd: test: WebAPI.Controllers.Tests.PratosTests.GetPratosTest execution completed.
TpTrace Verbose: 0 : 11316, 5, 2021/12/20, 18:27:20.530, 3227674531527, testhost.dll, TestExecutionRecorder.RecordResult: Received result for test: WebAPI.Controllers.Tests.PratosTests.GetPratosTest.
TpTrace Warning: 0 : 11316, 5, 2021/12/20, 18:27:20.530, 3227674532766, testhost.dll, TestRunCache: InProgressTests is null
TpTrace Warning: 0 : 11316, 5, 2021/12/20, 18:27:20.530, 3227674533226, testhost.dll, TestRunCache: No test found corresponding to testResult 'GetPratosTest' in inProgress list.
TpTrace Verbose: 0 : 11316, 5, 2021/12/20, 18:27:20.530, 3227674533981, testhost.dll, TestExecutionRecorder.RecordStart: Starting test: WebAPI.Controllers.Tests.PratosTests.PostPratosTest.
TpTrace Information: 0 : 11316, 5, 2021/12/20, 18:27:20.531, 3227674545588, testhost.dll, MSTest - Executing test PostPratosTest
TpTrace Information: 0 : 11316, 5, 2021/12/20, 18:27:20.534, 3227674574553, testhost.dll, MSTest - Executed test PostPratosTest
TpTrace Verbose: 0 : 11316, 5, 2021/12/20, 18:27:20.534, 3227674575875, testhost.dll, TestExecutionRecorder.RecordEnd: test: WebAPI.Controllers.Tests.PratosTests.PostPratosTest execution completed.
TpTrace Verbose: 0 : 11316, 5, 2021/12/20, 18:27:20.535, 3227674590597, testhost.dll, TestExecutionRecorder.RecordResult: Received result for test: WebAPI.Controllers.Tests.PratosTests.PostPratosTest.
TpTrace Warning: 0 : 11316, 5, 2021/12/20, 18:27:20.536, 3227674592021, testhost.dll, TestRunCache: InProgressTests is null
TpTrace Warning: 0 : 11316, 5, 2021/12/20, 18:27:20.536, 3227674592593, testhost.dll, TestRunCache: No test found corresponding to testResult 'PostPratosTest' in inProgress list.
TpTrace Verbose: 0 : 11316, 5, 2021/12/20, 18:27:20.536, 3227674593579, testhost.dll, TestExecutionRecorder.RecordStart: Starting test: WebAPI.Controllers.Tests.PratosTests.PutPratosTest.
TpTrace Information: 0 : 11316, 5, 2021/12/20, 18:27:20.537, 3227674606051, testhost.dll, MSTest - Executing test PutPratosTest
TpTrace Information: 0 : 11316, 5, 2021/12/20, 18:27:20.539, 3227674630884, testhost.dll, MSTest - Executed test PutPratosTest
TpTrace Verbose: 0 : 11316, 5, 2021/12/20, 18:27:20.540, 3227674632313, testhost.dll, TestExecutionRecorder.RecordEnd: test: WebAPI.Controllers.Tests.PratosTests.PutPratosTest execution completed.
TpTrace Verbose: 0 : 11316, 5, 2021/12/20, 18:27:20.541, 3227674645421, testhost.dll, TestExecutionRecorder.RecordResult: Received result for test: WebAPI.Controllers.Tests.PratosTests.PutPratosTest.
TpTrace Warning: 0 : 11316, 5, 2021/12/20, 18:27:20.541, 3227674646578, testhost.dll, TestRunCache: InProgressTests is null
TpTrace Warning: 0 : 11316, 5, 2021/12/20, 18:27:20.541, 3227674647074, testhost.dll, TestRunCache: No test found corresponding to testResult 'PutPratosTest' in inProgress list.
TpTrace Verbose: 0 : 11316, 5, 2021/12/20, 18:27:20.541, 3227674647867, testhost.dll, TestExecutionRecorder.RecordStart: Starting test: WebAPI.Controllers.Tests.PratosTests.DeletePratosTest.
TpTrace Information: 0 : 11316, 5, 2021/12/20, 18:27:20.543, 3227674661035, testhost.dll, MSTest - Executing test DeletePratosTest
TpTrace Information: 0 : 11316, 5, 2021/12/20, 18:27:20.544, 3227674678933, testhost.dll, MSTest - Executed test DeletePratosTest
TpTrace Verbose: 0 : 11316, 5, 2021/12/20, 18:27:20.544, 3227674680155, testhost.dll, TestExecutionRecorder.RecordEnd: test: WebAPI.Controllers.Tests.PratosTests.DeletePratosTest execution completed.
TpTrace Verbose: 0 : 11316, 5, 2021/12/20, 18:27:20.546, 3227674697473, testhost.dll, TestExecutionRecorder.RecordResult: Received result for test: WebAPI.Controllers.Tests.PratosTests.DeletePratosTest.
TpTrace Warning: 0 : 11316, 5, 2021/12/20, 18:27:20.546, 3227674698727, testhost.dll, TestRunCache: InProgressTests is null
TpTrace Warning: 0 : 11316, 5, 2021/12/20, 18:27:20.546, 3227674699201, testhost.dll, TestRunCache: No test found corresponding to testResult 'DeletePratosTest' in inProgress list.
TpTrace Verbose: 0 : 11316, 5, 2021/12/20, 18:27:20.546, 3227674700101, testhost.dll, TestExecutionRecorder.RecordStart: Starting test: WebAPI.Controllers.Tests.ReceitasTests.GetReceitasTest.
TpTrace Information: 0 : 11316, 5, 2021/12/20, 18:27:20.548, 3227674716862, testhost.dll, MSTest - Executing test GetReceitasTest
TpTrace Information: 0 : 11316, 5, 2021/12/20, 18:27:20.555, 3227674786879, testhost.dll, MSTest - Executed test GetReceitasTest
TpTrace Verbose: 0 : 11316, 5, 2021/12/20, 18:27:20.555, 3227674788117, testhost.dll, TestExecutionRecorder.RecordEnd: test: WebAPI.Controllers.Tests.ReceitasTests.GetReceitasTest execution completed.
TpTrace Verbose: 0 : 11316, 5, 2021/12/20, 18:27:20.558, 3227674811766, testhost.dll, TestExecutionRecorder.RecordResult: Received result for test: WebAPI.Controllers.Tests.ReceitasTests.GetReceitasTest.
TpTrace Warning: 0 : 11316, 5, 2021/12/20, 18:27:20.558, 3227674813495, testhost.dll, TestRunCache: InProgressTests is null
TpTrace Warning: 0 : 11316, 5, 2021/12/20, 18:27:20.558, 3227674814354, testhost.dll, TestRunCache: No test found corresponding to testResult 'GetReceitasTest' in inProgress list.
TpTrace Verbose: 0 : 11316, 5, 2021/12/20, 18:27:20.558, 3227674816296, testhost.dll, TestExecutionRecorder.RecordStart: Starting test: WebAPI.Controllers.Tests.ReceitasTests.PostReceitasTest.
TpTrace Information: 0 : 11316, 5, 2021/12/20, 18:27:20.562, 3227674851062, testhost.dll, Sending test run statistics
TpTrace Verbose: 0 : 11316, 5, 2021/12/20, 18:27:20.610, 3227675332252, testhost.dll, TestRequestHandler.SendData:  sending data from testhost: {"Version":5,"MessageType":"TestExecution.StatsChange","Payload":{"NewTestResults":[{"TestCase":{"Id":"942dc840-6ebd-a23e-e9c0-ab7a6e148bcf","FullyQualifiedName":"WebAPI.Controllers.Tests.IngredientesTests.GetIngredientesTest","DisplayName":"GetIngredientesTest","ExecutorUri":"executor://MSTestAdapter/v2","Source":"C:\\Users\\rtoma\\source\\repos\\restauranteESI2021\\WebAPI\\WebAPITests\\bin\\Debug\\netcoreapp3.1\\fine-code-coverage\\build-output\\WebAPITests.dll","CodeFilePath":null,"LineNumber":-1,"Properties":[{"Key":{"Id":"TestCase.ManagedType","Label":"ManagedType","Category":"","Description":"","Attributes":1,"ValueType":"System.String"},"Value":"WebAPI.Controllers.Tests.IngredientesTests"},{"Key":{"Id":"TestCase.ManagedMethod","Label":"ManagedMethod","Category":"","Description":"","Attributes":1,"ValueType":"System.String"},"Value":"GetIngredientesTest"},{"Key":{"Id":"MSTestDiscoverer.TestClassName","Label":"ClassName","Category":"","Description":"","Attributes":1,"ValueType":"System.String"},"Value":"WebAPI.Controllers.Tests.IngredientesTests"},{"Key":{"Id":"TestCase.Hierarchy","Label":"Hierarchy","Category":"","Description":"","Attributes":2,"ValueType":"System.String[]"},"Value":["WebAPI.Controllers.Tests","IngredientesTests"]},{"Key":{"Id":"TestObject.Traits","Label":"Traits","Category":"","Description":"","Attributes":5,"ValueType":"System.Collections.Generic.KeyValuePair`2[[System.String],[System.String]][]"},"Value":[]}]},"Attachments":[],"Outcome":1,"ErrorMessage":null,"ErrorStackTrace":null,"DisplayName":"GetIngredientesTest","Messages":[],"ComputerName":null,"Duration":"00:00:00.5585105","StartTime":"2021-12-20T18:27:19.8627941-03:00","EndTime":"2021-12-20T18:27:20.4557447-03:00","Properties":[{"Key":{"Id":"ExecutionId","Label":"ExecutionId","Category":"","Description":"","Attributes":1,"ValueType":"System.Guid"},"Value":"00000000-0000-0000-0000-000000000000"},{"Key":{"Id":"ParentExecId","Label":"ParentExecId","Category":"","Description":"","Attributes":1,"ValueType":"System.Guid"},"Value":"00000000-0000-0000-0000-000000000000"},{"Key":{"Id":"InnerResultsCount","Label":"InnerResultsCount","Category":"","Description":"","Attributes":1,"ValueType":"System.Int32"},"Value":0}]},{"TestCase":{"Id":"8d1554ed-ae56-b0a4-a1c9-6c839f25ebc7","FullyQualifiedName":"WebAPI.Controllers.Tests.IngredientesTests.PostIngredientesTest","DisplayName":"PostIngredientesTest","ExecutorUri":"executor://MSTestAdapter/v2","Source":"C:\\Users\\rtoma\\source\\repos\\restauranteESI2021\\WebAPI\\WebAPITests\\bin\\Debug\\netcoreapp3.1\\fine-code-coverage\\build-output\\WebAPITests.dll","CodeFilePath":null,"LineNumber":-1,"Properties":[{"Key":{"Id":"TestCase.ManagedType","Label":"ManagedType","Category":"","Description":"","Attributes":1,"ValueType":"System.String"},"Value":"WebAPI.Controllers.Tests.IngredientesTests"},{"Key":{"Id":"TestCase.ManagedMethod","Label":"ManagedMethod","Category":"","Description":"","Attributes":1,"ValueType":"System.String"},"Value":"PostIngredientesTest"},{"Key":{"Id":"MSTestDiscoverer.TestClassName","Label":"ClassName","Category":"","Description":"","Attributes":1,"ValueType":"System.String"},"Value":"WebAPI.Controllers.Tests.IngredientesTests"},{"Key":{"Id":"TestCase.Hierarchy","Label":"Hierarchy","Category":"","Description":"","Attributes":2,"ValueType":"System.String[]"},"Value":["WebAPI.Controllers.Tests","IngredientesTests"]},{"Key":{"Id":"TestObject.Traits","Label":"Traits","Category":"","Description":"","Attributes":5,"ValueType":"System.Collections.Generic.KeyValuePair`2[[System.String],[System.String]][]"},"Value":[]}]},"Attachments":[],"Outcome":1,"ErrorMessage":null,"ErrorStackTrace":null,"DisplayName":"PostIngredientesTest","Messages":[],"ComputerName":null,"Duration":"00:00:00.0125101","StartTime":"2021-12-20T18:27:20.4894861-03:00","EndTime":"2021-12-20T18:27:20.5025597-03:00","Properties":[{"Key":{"Id":"ExecutionId","Label":"ExecutionId","Category":"","Description":"","Attributes":1,"ValueType":"System.Guid"},"Value":"00000000-0000-0000-0000-000000000000"},{"Key":{"Id":"ParentExecId","Label":"ParentExecId","Category":"","Description":"","Attributes":1,"ValueType":"System.Guid"},"Value":"00000000-0000-0000-0000-000000000000"},{"Key":{"Id":"InnerResultsCount","Label":"InnerResultsCount","Category":"","Description":"","Attributes":1,"ValueType":"System.Int32"},"Value":0}]},{"TestCase":{"Id":"34fce57b-4423-2326-7217-909c1d885b8c","FullyQualifiedName":"WebAPI.Controllers.Tests.IngredientesTests.PutIngredientesTest","DisplayName":"PutIngredientesTest","ExecutorUri":"executor://MSTestAdapter/v2","Source":"C:\\Users\\rtoma\\source\\repos\\restauranteESI2021\\WebAPI\\WebAPITests\\bin\\Debug\\netcoreapp3.1\\fine-code-coverage\\build-output\\WebAPITests.dll","CodeFilePath":null,"LineNumber":-1,"Properties":[{"Key":{"Id":"TestCase.ManagedType","Label":"ManagedType","Category":"","Description":"","Attributes":1,"ValueType":"System.String"},"Value":"WebAPI.Controllers.Tests.IngredientesTests"},{"Key":{"Id":"TestCase.ManagedMethod","Label":"ManagedMethod","Category":"","Description":"","Attributes":1,"ValueType":"System.String"},"Value":"PutIngredientesTest"},{"Key":{"Id":"MSTestDiscoverer.TestClassName","Label":"ClassName","Category":"","Description":"","Attributes":1,"ValueType":"System.String"},"Value":"WebAPI.Controllers.Tests.IngredientesTests"},{"Key":{"Id":"TestCase.Hierarchy","Label":"Hierarchy","Category":"","Description":"","Attributes":2,"ValueType":"System.String[]"},"Value":["WebAPI.Controllers.Tests","IngredientesTests"]},{"Key":{"Id":"TestObject.Traits","Label":"Traits","Category":"","Description":"","Attributes":5,"ValueType":"System.Collections.Generic.KeyValuePair`2[[System.String],[System.String]][]"},"Value":[]}]},"Attachments":[],"Outcome":1,"ErrorMessage":null,"ErrorStackTrace":null,"DisplayName":"PutIngredientesTest","Messages":[],"ComputerName":null,"Duration":"00:00:00.0018617","StartTime":"2021-12-20T18:27:20.510638-03:00","EndTime":"2021-12-20T18:27:20.5129454-03:00","Properties":[{"Key":{"Id":"ExecutionId","Label":"ExecutionId","Category":"","Description":"","Attributes":1,"ValueType":"System.Guid"},"Value":"00000000-0000-0000-0000-000000000000"},{"Key":{"Id":"ParentExecId","Label":"ParentExecId","Category":"","Description":"","Attributes":1,"ValueType":"System.Guid"},"Value":"00000000-0000-0000-0000-000000000000"},{"Key":{"Id":"InnerResultsCount","Label":"InnerResultsCount","Category":"","Description":"","Attributes":1,"ValueType":"System.Int32"},"Value":0}]},{"TestCase":{"Id":"8c4534b2-b7e4-8873-0cc6-03f60b6c4d15","FullyQualifiedName":"WebAPI.Controllers.Tests.IngredientesTests.DeleteIngredientesTest","DisplayName":"DeleteIngredientesTest","ExecutorUri":"executor://MSTestAdapter/v2","Source":"C:\\Users\\rtoma\\source\\repos\\restauranteESI2021\\WebAPI\\WebAPITests\\bin\\Debug\\netcoreapp3.1\\fine-code-coverage\\build-output\\WebAPITests.dll","CodeFilePath":null,"LineNumber":-1,"Properties":[{"Key":{"Id":"TestCase.ManagedType","Label":"ManagedType","Category":"","Description":"","Attributes":1,"ValueType":"System.String"},"Value":"WebAPI.Controllers.Tests.IngredientesTests"},{"Key":{"Id":"TestCase.ManagedMethod","Label":"ManagedMethod","Category":"","Description":"","Attributes":1,"ValueType":"System.String"},"Value":"DeleteIngredientesTest"},{"Key":{"Id":"MSTestDiscoverer.TestClassName","Label":"ClassName","Category":"","Description":"","Attributes":1,"ValueType":"System.String"},"Value":"WebAPI.Controllers.Tests.IngredientesTests"},{"Key":{"Id":"TestCase.Hierarchy","Label":"Hierarchy","Category":"","Description":"","Attributes":2,"ValueType":"System.String[]"},"Value":["WebAPI.Controllers.Tests","IngredientesTests"]},{"Key":{"Id":"TestObject.Traits","Label":"Traits","Category":"","Description":"","Attributes":5,"ValueType":"System.Collections.Generic.KeyValuePair`2[[System.String],[System.String]][]"},"Value":[]}]},"Attachments":[],"Outcome":1,"ErrorMessage":null,"ErrorStackTrace":null,"DisplayName":"DeleteIngredientesTest","Messages":[],"ComputerName":null,"Duration":"00:00:00.0023058","StartTime":"2021-12-20T18:27:20.5174175-03:00","EndTime":"2021-12-20T18:27:20.5202071-03:00","Properties":[{"Key":{"Id":"ExecutionId","Label":"ExecutionId","Category":"","Description":"","Attributes":1,"ValueType":"System.Guid"},"Value":"00000000-0000-0000-0000-000000000000"},{"Key":{"Id":"ParentExecId","Label":"ParentExecId","Category":"","Description":"","Attributes":1,"ValueType":"System.Guid"},"Value":"00000000-0000-0000-0000-000000000000"},{"Key":{"Id":"InnerResultsCount","Label":"InnerResultsCount","Category":"","Description":"","Attributes":1,"ValueType":"System.Int32"},"Value":0}]},{"TestCase":{"Id":"19a0c714-79a6-8813-efc3-4212a0778150","FullyQualifiedName":"WebAPI.Controllers.Tests.PratosTests.GetPratosTest","DisplayName":"GetPratosTest","ExecutorUri":"executor://MSTestAdapter/v2","Source":"C:\\Users\\rtoma\\source\\repos\\restauranteESI2021\\WebAPI\\WebAPITests\\bin\\Debug\\netcoreapp3.1\\fine-code-coverage\\build-output\\WebAPITests.dll","CodeFilePath":null,"LineNumber":-1,"Properties":[{"Key":{"Id":"TestCase.ManagedType","Label":"ManagedType","Category":"","Description":"","Attributes":1,"ValueType":"System.String"},"Value":"WebAPI.Controllers.Tests.PratosTests"},{"Key":{"Id":"TestCase.ManagedMethod","Label":"ManagedMethod","Category":"","Description":"","Attributes":1,"ValueType":"System.String"},"Value":"GetPratosTest"},{"Key":{"Id":"MSTestDiscoverer.TestClassName","Label":"ClassName","Category":"","Description":"","Attributes":1,"ValueType":"System.String"},"Value":"WebAPI.Controllers.Tests.PratosTests"},{"Key":{"Id":"TestCase.Hierarchy","Label":"Hierarchy","Category":"","Description":"","Attributes":2,"ValueType":"System.String[]"},"Value":["WebAPI.Controllers.Tests","PratosTests"]},{"Key":{"Id":"TestObject.Traits","Label":"Traits","Category":"","Description":"","Attributes":5,"ValueType":"System.Collections.Generic.KeyValuePair`2[[System.String],[System.String]][]"},"Value":[]}]},"Attachments":[],"Outcome":1,"ErrorMessage":null,"ErrorStackTrace":null,"DisplayName":"GetPratosTest","Messages":[],"ComputerName":null,"Duration":"00:00:00.0031316","StartTime":"2021-12-20T18:27:20.5245648-03:00","EndTime":"2021-12-20T18:27:20.5285247-03:00","Properties":[{"Key":{"Id":"ExecutionId","Label":"ExecutionId","Category":"","Description":"","Attributes":1,"ValueType":"System.Guid"},"Value":"00000000-0000-0000-0000-000000000000"},{"Key":{"Id":"ParentExecId","Label":"ParentExecId","Category":"","Description":"","Attributes":1,"ValueType":"System.Guid"},"Value":"00000000-0000-0000-0000-000000000000"},{"Key":{"Id":"InnerResultsCount","Label":"InnerResultsCount","Category":"","Description":"","Attributes":1,"ValueType":"System.Int32"},"Value":0}]},{"TestCase":{"Id":"b1ec1a7f-6495-4783-19e4-f127aa2614f8","FullyQualifiedName":"WebAPI.Controllers.Tests.PratosTests.PostPratosTest","DisplayName":"PostPratosTest","ExecutorUri":"executor://MSTestAdapter/v2","Source":"C:\\Users\\rtoma\\source\\repos\\restauranteESI2021\\WebAPI\\WebAPITests\\bin\\Debug\\netcoreapp3.1\\fine-code-coverage\\build-output\\WebAPITests.dll","CodeFilePath":null,"LineNumber":-1,"Properties":[{"Key":{"Id":"TestCase.ManagedType","Label":"ManagedType","Category":"","Description":"","Attributes":1,"ValueType":"System.String"},"Value":"WebAPI.Controllers.Tests.PratosTests"},{"Key":{"Id":"TestCase.ManagedMethod","Label":"ManagedMethod","Category":"","Description":"","Attributes":1,"ValueType":"System.String"},"Value":"PostPratosTest"},{"Key":{"Id":"MSTestDiscoverer.TestClassName","Label":"ClassName","Category":"","Description":"","Attributes":1,"ValueType":"System.String"},"Value":"WebAPI.Controllers.Tests.PratosTests"},{"Key":{"Id":"TestCase.Hierarchy","Label":"Hierarchy","Category":"","Description":"","Attributes":2,"ValueType":"System.String[]"},"Value":["WebAPI.Controllers.Tests","PratosTests"]},{"Key":{"Id":"TestObject.Traits","Label":"Traits","Category":"","Description":"","Attributes":5,"ValueType":"System.Collections.Generic.KeyValuePair`2[[System.String],[System.String]][]"},"Value":[]}]},"Attachments":[],"Outcome":1,"ErrorMessage":null,"ErrorStackTrace":null,"DisplayName":"PostPratosTest","Messages":[],"ComputerName":null,"Duration":"00:00:00.0025933","StartTime":"2021-12-20T18:27:20.5314554-03:00","EndTime":"2021-12-20T18:27:20.5344798-03:00","Properties":[{"Key":{"Id":"ExecutionId","Label":"ExecutionId","Category":"","Description":"","Attributes":1,"ValueType":"System.Guid"},"Value":"00000000-0000-0000-0000-000000000000"},{"Key":{"Id":"ParentExecId","Label":"ParentExecId","Category":"","Description":"","Attributes":1,"ValueType":"System.Guid"},"Value":"00000000-0000-0000-0000-000000000000"},{"Key":{"Id":"InnerResultsCount","Label":"InnerResultsCount","Category":"","Description":"","Attributes":1,"ValueType":"System.Int32"},"Value":0}]},{"TestCase":{"Id":"688f52fe-40ae-4156-0ff0-b97441ebe8a8","FullyQualifiedName":"WebAPI.Controllers.Tests.PratosTests.PutPratosTest","DisplayName":"PutPratosTest","ExecutorUri":"executor://MSTestAdapter/v2","Source":"C:\\Users\\rtoma\\source\\repos\\restauranteESI2021\\WebAPI\\WebAPITests\\bin\\Debug\\netcoreapp3.1\\fine-code-coverage\\build-output\\WebAPITests.dll","CodeFilePath":null,"LineNumber":-1,"Properties":[{"Key":{"Id":"TestCase.ManagedType","Label":"ManagedType","Category":"","Description":"","Attributes":1,"ValueType":"System.String"},"Value":"WebAPI.Controllers.Tests.PratosTests"},{"Key":{"Id":"TestCase.ManagedMethod","Label":"ManagedMethod","Category":"","Description":"","Attributes":1,"ValueType":"System.String"},"Value":"PutPratosTest"},{"Key":{"Id":"MSTestDiscoverer.TestClassName","Label":"ClassName","Category":"","Description":"","Attributes":1,"ValueType":"System.String"},"Value":"WebAPI.Controllers.Tests.PratosTests"},{"Key":{"Id":"TestCase.Hierarchy","Label":"Hierarchy","Category":"","Description":"","Attributes":2,"ValueType":"System.String[]"},"Value":["WebAPI.Controllers.Tests","PratosTests"]},{"Key":{"Id":"TestObject.Traits","Label":"Traits","Category":"","Description":"","Attributes":5,"ValueType":"System.Collections.Generic.KeyValuePair`2[[System.String],[System.String]][]"},"Value":[]}]},"Attachments":[],"Outcome":1,"ErrorMessage":null,"ErrorStackTrace":null,"DisplayName":"PutPratosTest","Messages":[],"ComputerName":null,"Duration":"00:00:00.0022124","StartTime":"2021-12-20T18:27:20.5375-03:00","EndTime":"2021-12-20T18:27:20.5401236-03:00","Properties":[{"Key":{"Id":"ExecutionId","Label":"ExecutionId","Category":"","Description":"","Attributes":1,"ValueType":"System.Guid"},"Value":"00000000-0000-0000-0000-000000000000"},{"Key":{"Id":"ParentExecId","Label":"ParentExecId","Category":"","Description":"","Attributes":1,"ValueType":"System.Guid"},"Value":"00000000-0000-0000-0000-000000000000"},{"Key":{"Id":"InnerResultsCount","Label":"InnerResultsCount","Category":"","Description":"","Attributes":1,"ValueType":"System.Int32"},"Value":0}]},{"TestCase":{"Id":"431a766c-c37d-a074-8c66-563756927ffc","FullyQualifiedName":"WebAPI.Controllers.Tests.PratosTests.DeletePratosTest","DisplayName":"DeletePratosTest","ExecutorUri":"executor://MSTestAdapter/v2","Source":"C:\\Users\\rtoma\\source\\repos\\restauranteESI2021\\WebAPI\\WebAPITests\\bin\\Debug\\netcoreapp3.1\\fine-code-coverage\\build-output\\WebAPITests.dll","CodeFilePath":null,"LineNumber":-1,"Properties":[{"Key":{"Id":"TestCase.ManagedType","Label":"ManagedType","Category":"","Description":"","Attributes":1,"ValueType":"System.String"},"Value":"WebAPI.Controllers.Tests.PratosTests"},{"Key":{"Id":"TestCase.ManagedMethod","Label":"ManagedMethod","Category":"","Description":"","Attributes":1,"ValueType":"System.String"},"Value":"DeletePratosTest"},{"Key":{"Id":"MSTestDiscoverer.TestClassName","Label":"ClassName","Category":"","Description":"","Attributes":1,"ValueType":"System.String"},"Value":"WebAPI.Controllers.Tests.PratosTests"},{"Key":{"Id":"TestCase.Hierarchy","Label":"Hierarchy","Category":"","Description":"","Attributes":2,"ValueType":"System.String[]"},"Value":["WebAPI.Controllers.Tests","PratosTests"]},{"Key":{"Id":"TestObject.Traits","Label":"Traits","Category":"","Description":"","Attributes":5,"ValueType":"System.Collections.Generic.KeyValuePair`2[[System.String],[System.String]][]"},"Value":[]}]},"Attachments":[],"Outcome":1,"ErrorMessage":null,"ErrorStackTrace":null,"DisplayName":"DeletePratosTest","Messages":[],"ComputerName":null,"Duration":"00:00:00.0015106","StartTime":"2021-12-20T18:27:20.5430028-03:00","EndTime":"2021-12-20T18:27:20.5449055-03:00","Properties":[{"Key":{"Id":"ExecutionId","Label":"ExecutionId","Category":"","Description":"","Attributes":1,"ValueType":"System.Guid"},"Value":"00000000-0000-0000-0000-000000000000"},{"Key":{"Id":"ParentExecId","Label":"ParentExecId","Category":"","Description":"","Attributes":1,"ValueType":"System.Guid"},"Value":"00000000-0000-0000-0000-000000000000"},{"Key":{"Id":"InnerResultsCount","Label":"InnerResultsCount","Category":"","Description":"","Attributes":1,"ValueType":"System.Int32"},"Value":0}]},{"TestCase":{"Id":"f55d24be-b1ca-cfe1-ec59-037e2ab66896","FullyQualifiedName":"WebAPI.Controllers.Tests.ReceitasTests.GetReceitasTest","DisplayName":"GetReceitasTest","ExecutorUri":"executor://MSTestAdapter/v2","Source":"C:\\Users\\rtoma\\source\\repos\\restauranteESI2021\\WebAPI\\WebAPITests\\bin\\Debug\\netcoreapp3.1\\fine-code-coverage\\build-output\\WebAPITests.dll","CodeFilePath":null,"LineNumber":-1,"Properties":[{"Key":{"Id":"TestCase.ManagedType","Label":"ManagedType","Category":"","Description":"","Attributes":1,"ValueType":"System.String"},"Value":"WebAPI.Controllers.Tests.ReceitasTests"},{"Key":{"Id":"TestCase.ManagedMethod","Label":"ManagedMethod","Category":"","Description":"","Attributes":1,"ValueType":"System.String"},"Value":"GetReceitasTest"},{"Key":{"Id":"MSTestDiscoverer.TestClassName","Label":"ClassName","Category":"","Description":"","Attributes":1,"ValueType":"System.String"},"Value":"WebAPI.Controllers.Tests.ReceitasTests"},{"Key":{"Id":"TestCase.Hierarchy","Label":"Hierarchy","Category":"","Description":"","Attributes":2,"ValueType":"System.String[]"},"Value":["WebAPI.Controllers.Tests","ReceitasTests"]},{"Key":{"Id":"TestObject.Traits","Label":"Traits","Category":"","Description":"","Attributes":5,"ValueType":"System.Collections.Generic.KeyValuePair`2[[System.String],[System.String]][]"},"Value":[]}]},"Attachments":[],"Outcome":1,"ErrorMessage":null,"ErrorStackTrace":null,"DisplayName":"GetReceitasTest","Messages":[],"ComputerName":null,"Duration":"00:00:00.0064847","StartTime":"2021-12-20T18:27:20.5485759-03:00","EndTime":"2021-12-20T18:27:20.5557055-03:00","Properties":[{"Key":{"Id":"ExecutionId","Label":"ExecutionId","Category":"","Description":"","Attributes":1,"ValueType":"System.Guid"},"Value":"00000000-0000-0000-0000-000000000000"},{"Key":{"Id":"ParentExecId","Label":"ParentExecId","Category":"","Description":"","Attributes":1,"ValueType":"System.Guid"},"Value":"00000000-0000-0000-0000-000000000000"},{"Key":{"Id":"InnerResultsCount","Label":"InnerResultsCount","Category":"","Description":"","Attributes":1,"ValueType":"System.Int32"},"Value":0}]}],"TestRunStatistics":{"ExecutedTests":9,"Stats":{"Passed":9}},"ActiveTests":[{"Id":"66249d63-952f-f3b5-f254-c8ec6b67204d","FullyQualifiedName":"WebAPI.Controllers.Tests.ReceitasTests.PostReceitasTest","DisplayName":"PostReceitasTest","ExecutorUri":"executor://MSTestAdapter/v2","Source":"C:\\Users\\rtoma\\source\\repos\\restauranteESI2021\\WebAPI\\WebAPITests\\bin\\Debug\\netcoreapp3.1\\fine-code-coverage\\build-output\\WebAPITests.dll","CodeFilePath":null,"LineNumber":-1,"Properties":[{"Key":{"Id":"TestCase.ManagedType","Label":"ManagedType","Category":"","Description":"","Attributes":1,"ValueType":"System.String"},"Value":"WebAPI.Controllers.Tests.ReceitasTests"},{"Key":{"Id":"TestCase.ManagedMethod","Label":"ManagedMethod","Category":"","Description":"","Attributes":1,"ValueType":"System.String"},"Value":"PostReceitasTest"},{"Key":{"Id":"MSTestDiscoverer.TestClassName","Label":"ClassName","Category":"","Description":"","Attributes":1,"ValueType":"System.String"},"Value":"WebAPI.Controllers.Tests.ReceitasTests"},{"Key":{"Id":"TestCase.Hierarchy","Label":"Hierarchy","Category":"","Description":"","Attributes":2,"ValueType":"System.String[]"},"Value":["WebAPI.Controllers.Tests","ReceitasTests"]},{"Key":{"Id":"TestObject.Traits","Label":"Traits","Category":"","Description":"","Attributes":5,"ValueType":"System.Collections.Generic.KeyValuePair`2[[System.String],[System.String]][]"},"Value":[]}]}]}}
TpTrace Verbose: 0 : 11316, 5, 2021/12/20, 18:27:20.610, 3227675340442, testhost.dll, TestRunCache: OnNewTestResult: Notified the onCacheHit callback.
TpTrace Information: 0 : 11316, 5, 2021/12/20, 18:27:20.613, 3227675363637, testhost.dll, MSTest - Executing test PostReceitasTest
TpTrace Information: 0 : 11316, 5, 2021/12/20, 18:27:20.622, 3227675459798, testhost.dll, AssemblyResolver.OnResolve: Microsoft.VisualStudio.TestPlatform.MSTest.TestAdapter.resources: Resolving assembly.
TpTrace Information: 0 : 11316, 5, 2021/12/20, 18:27:20.623, 3227675461143, testhost.dll, AssemblyResolver.OnResolve: Microsoft.VisualStudio.TestPlatform.MSTest.TestAdapter.resources: Searching in: 'C:\Users\rtoma\source\repos\restauranteESI2021\WebAPI\WebAPITests\bin\Debug\netcoreapp3.1\fine-code-coverage\build-output'.
TpTrace Information: 0 : 11316, 5, 2021/12/20, 18:27:20.623, 3227675463285, testhost.dll, AssemblyResolver.OnResolve: Microsoft.VisualStudio.TestPlatform.MSTest.TestAdapter.resources: Assembly path does not exist: 'C:\Users\rtoma\source\repos\restauranteESI2021\WebAPI\WebAPITests\bin\Debug\netcoreapp3.1\fine-code-coverage\build-output\Microsoft.VisualStudio.TestPlatform.MSTest.TestAdapter.resources.dll', returning.
TpTrace Information: 0 : 11316, 5, 2021/12/20, 18:27:20.623, 3227675464859, testhost.dll, AssemblyResolver.OnResolve: Microsoft.VisualStudio.TestPlatform.MSTest.TestAdapter.resources: Assembly path does not exist: 'C:\Users\rtoma\source\repos\restauranteESI2021\WebAPI\WebAPITests\bin\Debug\netcoreapp3.1\fine-code-coverage\build-output\Microsoft.VisualStudio.TestPlatform.MSTest.TestAdapter.resources.exe', returning.
TpTrace Information: 0 : 11316, 5, 2021/12/20, 18:27:20.623, 3227675465718, testhost.dll, AssemblyResolver.OnResolve: Microsoft.VisualStudio.TestPlatform.MSTest.TestAdapter.resources: Failed to load assembly.
TpTrace Information: 0 : 11316, 5, 2021/12/20, 18:27:20.686, 3227676097801, testhost.dll, MSTest - Executed test PostReceitasTest
TpTrace Verbose: 0 : 11316, 5, 2021/12/20, 18:27:20.686, 3227676099460, testhost.dll, TestExecutionRecorder.RecordEnd: test: WebAPI.Controllers.Tests.ReceitasTests.PostReceitasTest execution completed.
TpTrace Warning: 0 : 11316, 5, 2021/12/20, 18:27:20.686, 3227676100190, testhost.dll, TestRunCache: InProgressTests is null
TpTrace Information: 0 : 11316, 5, 2021/12/20, 18:27:20.689, 3227676122710, testhost.dll, MSTest - MSTestExecutor:Test WebAPI.Controllers.Tests.ReceitasTests.PostReceitasTest failed. ErrorMessage:Test method WebAPI.Controllers.Tests.ReceitasTests.PostReceitasTest threw exception: 
System.Data.SqlClient.SqlException: The INSERT statement conflicted with the FOREIGN KEY constraint "FK__Receitas__PratoI__36B12243". The conflict occurred in database "ESIDB", table "dbo.Pratos", column 'PratoId'.
The statement has been terminated., ErrorStackTrace:    at System.Data.SqlClient.SqlConnection.OnError(SqlException exception, Boolean breakConnection, Action`1 wrapCloseInAction)
   at System.Data.SqlClient.SqlInternalConnection.OnError(SqlException exception, Boolean breakConnection, Action`1 wrapCloseInAction)
   at System.Data.SqlClient.TdsParser.ThrowExceptionAndWarning(TdsParserStateObject stateObj, Boolean callerHasConnectionLock, Boolean asyncClose)
   at System.Data.SqlClient.TdsParser.TryRun(RunBehavior runBehavior, SqlCommand cmdHandler, SqlDataReader dataStream, BulkCopySimpleResultSet bulkCopyHandler, TdsParserStateObject stateObj, Boolean& dataReady)
   at System.Data.SqlClient.SqlDataReader.TryConsumeMetaData()
   at System.Data.SqlClient.SqlDataReader.get_MetaData()
   at System.Data.SqlClient.SqlCommand.FinishExecuteReader(SqlDataReader ds, RunBehavior runBehavior, String resetOptionsString)
   at System.Data.SqlClient.SqlCommand.RunExecuteReaderTds(CommandBehavior cmdBehavior, RunBehavior runBehavior, Boolean returnStream, Boolean async, Int32 timeout, Task& task, Boolean asyncWrite, SqlDataReader ds)
   at System.Data.SqlClient.SqlCommand.RunExecuteReader(CommandBehavior cmdBehavior, RunBehavior runBehavior, Boolean returnStream, TaskCompletionSource`1 completion, Int32 timeout, Task& task, Boolean asyncWrite, String method)
   at System.Data.SqlClient.SqlCommand.RunExecuteReader(CommandBehavior cmdBehavior, RunBehavior runBehavior, Boolean returnStream, String method)
   at System.Data.SqlClient.SqlCommand.ExecuteReader(CommandBehavior behavior)
   at System.Data.SqlClient.SqlCommand.ExecuteReader()
   at WebAPI.Controllers.ReceitasController.Post(Receitas receita) in C:\Users\diego\Source\Repos\restauranteESI2021\WebAPI\WebAPI\Controllers\ReceitasController.cs:line 71
   at WebAPI.Controllers.Tests.ReceitasTests.PostReceitasTest() in C:\Users\diego\Source\Repos\restauranteESI2021\WebAPI\WebAPITests\Controllers\ReceitasTests .cs:line 51
.
TpTrace Verbose: 0 : 11316, 5, 2021/12/20, 18:27:20.689, 3227676124405, testhost.dll, TestExecutionRecorder.RecordResult: Received result for test: WebAPI.Controllers.Tests.ReceitasTests.PostReceitasTest.
TpTrace Warning: 0 : 11316, 5, 2021/12/20, 18:27:20.689, 3227676125723, testhost.dll, TestRunCache: InProgressTests is null
TpTrace Warning: 0 : 11316, 5, 2021/12/20, 18:27:20.689, 3227676126408, testhost.dll, TestRunCache: No test found corresponding to testResult 'PostReceitasTest' in inProgress list.
TpTrace Verbose: 0 : 11316, 5, 2021/12/20, 18:27:20.689, 3227676127741, testhost.dll, TestExecutionRecorder.RecordStart: Starting test: WebAPI.Controllers.Tests.ReceitasTests.PutReceitasTest.
TpTrace Information: 0 : 11316, 5, 2021/12/20, 18:27:20.692, 3227676152620, testhost.dll, MSTest - Executing test PutReceitasTest
TpTrace Information: 0 : 11316, 5, 2021/12/20, 18:27:20.697, 3227676206207, testhost.dll, MSTest - Executed test PutReceitasTest
TpTrace Verbose: 0 : 11316, 5, 2021/12/20, 18:27:20.697, 3227676208097, testhost.dll, TestExecutionRecorder.RecordEnd: test: WebAPI.Controllers.Tests.ReceitasTests.PutReceitasTest execution completed.
TpTrace Information: 0 : 11316, 5, 2021/12/20, 18:27:20.699, 3227676229801, testhost.dll, MSTest - MSTestExecutor:Test WebAPI.Controllers.Tests.ReceitasTests.PutReceitasTest failed. ErrorMessage:Test method WebAPI.Controllers.Tests.ReceitasTests.PutReceitasTest threw exception: 
System.Data.SqlClient.SqlException: The UPDATE statement conflicted with the FOREIGN KEY constraint "FK__Receitas__Ingred__37A5467C". The conflict occurred in database "ESIDB", table "dbo.Ingredientes", column 'IngredienteId'.
The statement has been terminated., ErrorStackTrace:    at System.Data.SqlClient.SqlConnection.OnError(SqlException exception, Boolean breakConnection, Action`1 wrapCloseInAction)
   at System.Data.SqlClient.SqlInternalConnection.OnError(SqlException exception, Boolean breakConnection, Action`1 wrapCloseInAction)
   at System.Data.SqlClient.TdsParser.ThrowExceptionAndWarning(TdsParserStateObject stateObj, Boolean callerHasConnectionLock, Boolean asyncClose)
   at System.Data.SqlClient.TdsParser.TryRun(RunBehavior runBehavior, SqlCommand cmdHandler, SqlDataReader dataStream, BulkCopySimpleResultSet bulkCopyHandler, TdsParserStateObject stateObj, Boolean& dataReady)
   at System.Data.SqlClient.SqlDataReader.TryConsumeMetaData()
   at System.Data.SqlClient.SqlDataReader.get_MetaData()
   at System.Data.SqlClient.SqlCommand.FinishExecuteReader(SqlDataReader ds, RunBehavior runBehavior, String resetOptionsString)
   at System.Data.SqlClient.SqlCommand.RunExecuteReaderTds(CommandBehavior cmdBehavior, RunBehavior runBehavior, Boolean returnStream, Boolean async, Int32 timeout, Task& task, Boolean asyncWrite, SqlDataReader ds)
   at System.Data.SqlClient.SqlCommand.RunExecuteReader(CommandBehavior cmdBehavior, RunBehavior runBehavior, Boolean returnStream, TaskCompletionSource`1 completion, Int32 timeout, Task& task, Boolean asyncWrite, String method)
   at System.Data.SqlClient.SqlCommand.RunExecuteReader(CommandBehavior cmdBehavior, RunBehavior runBehavior, Boolean returnStream, String method)
   at System.Data.SqlClient.SqlCommand.ExecuteReader(CommandBehavior behavior)
   at System.Data.SqlClient.SqlCommand.ExecuteReader()
   at WebAPI.Controllers.ReceitasController.Put(Receitas receita) in C:\Users\diego\Source\Repos\restauranteESI2021\WebAPI\WebAPI\Controllers\ReceitasController.cs:line 101
   at WebAPI.Controllers.Tests.ReceitasTests.PutReceitasTest() in C:\Users\diego\Source\Repos\restauranteESI2021\WebAPI\WebAPITests\Controllers\ReceitasTests .cs:line 70
.
TpTrace Verbose: 0 : 11316, 5, 2021/12/20, 18:27:20.700, 3227676231676, testhost.dll, TestExecutionRecorder.RecordResult: Received result for test: WebAPI.Controllers.Tests.ReceitasTests.PutReceitasTest.
TpTrace Warning: 0 : 11316, 5, 2021/12/20, 18:27:20.700, 3227676233017, testhost.dll, TestRunCache: InProgressTests is null
TpTrace Warning: 0 : 11316, 5, 2021/12/20, 18:27:20.700, 3227676233931, testhost.dll, TestRunCache: No test found corresponding to testResult 'PutReceitasTest' in inProgress list.
TpTrace Verbose: 0 : 11316, 5, 2021/12/20, 18:27:20.700, 3227676235353, testhost.dll, TestExecutionRecorder.RecordStart: Starting test: WebAPI.Controllers.Tests.ReceitasTests.DeleteReceitasTest.
TpTrace Information: 0 : 11316, 5, 2021/12/20, 18:27:20.701, 3227676250765, testhost.dll, MSTest - Executing test DeleteReceitasTest
TpTrace Information: 0 : 11316, 5, 2021/12/20, 18:27:20.703, 3227676270445, testhost.dll, MSTest - Executed test DeleteReceitasTest
TpTrace Verbose: 0 : 11316, 5, 2021/12/20, 18:27:20.704, 3227676271918, testhost.dll, TestExecutionRecorder.RecordEnd: test: WebAPI.Controllers.Tests.ReceitasTests.DeleteReceitasTest execution completed.
TpTrace Verbose: 0 : 11316, 5, 2021/12/20, 18:27:20.706, 3227676291363, testhost.dll, TestExecutionRecorder.RecordResult: Received result for test: WebAPI.Controllers.Tests.ReceitasTests.DeleteReceitasTest.
TpTrace Warning: 0 : 11316, 5, 2021/12/20, 18:27:20.706, 3227676292839, testhost.dll, TestRunCache: InProgressTests is null
TpTrace Warning: 0 : 11316, 5, 2021/12/20, 18:27:20.706, 3227676293504, testhost.dll, TestRunCache: No test found corresponding to testResult 'DeleteReceitasTest' in inProgress list.
TpTrace Information: 0 : 11316, 5, 2021/12/20, 18:27:20.706, 3227676296196, testhost.dll, MSTest - Executing cleanup methods.
TpTrace Information: 0 : 11316, 5, 2021/12/20, 18:27:20.708, 3227676320329, testhost.dll, MSTest - Executed cleanup methods.
TpTrace Information: 0 : 11316, 5, 2021/12/20, 18:27:20.709, 3227676321955, testhost.dll, MSTest - Executed tests belonging to source C:\Users\rtoma\source\repos\restauranteESI2021\WebAPI\WebAPITests\bin\Debug\netcoreapp3.1\fine-code-coverage\build-output\WebAPITests.dll
TpTrace Verbose: 0 : 11316, 5, 2021/12/20, 18:27:20.709, 3227676328166, testhost.dll, BaseRunTests.RunTestInternalWithExecutors: Completed running tests for executor://MSTestAdapter/v2
TpTrace Information: 0 : 11316, 5, 2021/12/20, 18:27:20.713, 3227676362747, testhost.dll, Sending test run complete
TpTrace Verbose: 0 : 11316, 5, 2021/12/20, 18:27:20.733, 3227676567234, testhost.dll, TestRequestHandler.SendData:  sending data from testhost: {"Version":5,"MessageType":"TestExecution.Completed","Payload":{"TestRunCompleteArgs":{"TestRunStatistics":{"ExecutedTests":12,"Stats":{"Passed":10,"Failed":2}},"IsCanceled":false,"IsAborted":false,"Error":null,"AttachmentSets":[],"ElapsedTimeInRunningTests":"00:00:01.1970388","Metrics":{}},"LastRunTests":{"NewTestResults":[{"TestCase":{"Id":"66249d63-952f-f3b5-f254-c8ec6b67204d","FullyQualifiedName":"WebAPI.Controllers.Tests.ReceitasTests.PostReceitasTest","DisplayName":"PostReceitasTest","ExecutorUri":"executor://MSTestAdapter/v2","Source":"C:\\Users\\rtoma\\source\\repos\\restauranteESI2021\\WebAPI\\WebAPITests\\bin\\Debug\\netcoreapp3.1\\fine-code-coverage\\build-output\\WebAPITests.dll","CodeFilePath":null,"LineNumber":-1,"Properties":[{"Key":{"Id":"TestCase.ManagedType","Label":"ManagedType","Category":"","Description":"","Attributes":1,"ValueType":"System.String"},"Value":"WebAPI.Controllers.Tests.ReceitasTests"},{"Key":{"Id":"TestCase.ManagedMethod","Label":"ManagedMethod","Category":"","Description":"","Attributes":1,"ValueType":"System.String"},"Value":"PostReceitasTest"},{"Key":{"Id":"MSTestDiscoverer.TestClassName","Label":"ClassName","Category":"","Description":"","Attributes":1,"ValueType":"System.String"},"Value":"WebAPI.Controllers.Tests.ReceitasTests"},{"Key":{"Id":"TestCase.Hierarchy","Label":"Hierarchy","Category":"","Description":"","Attributes":2,"ValueType":"System.String[]"},"Value":["WebAPI.Controllers.Tests","ReceitasTests"]},{"Key":{"Id":"TestObject.Traits","Label":"Traits","Category":"","Description":"","Attributes":5,"ValueType":"System.Collections.Generic.KeyValuePair`2[[System.String],[System.String]][]"},"Value":[]}]},"Attachments":[],"Outcome":2,"ErrorMessage":"Test method WebAPI.Controllers.Tests.ReceitasTests.PostReceitasTest threw exception: \r\nSystem.Data.SqlClient.SqlException: The INSERT statement conflicted with the FOREIGN KEY constraint \"FK__Receitas__PratoI__36B12243\". The conflict occurred in database \"ESIDB\", table \"dbo.Pratos\", column 'PratoId'.\r\nThe statement has been terminated.","ErrorStackTrace":"    at System.Data.SqlClient.SqlConnection.OnError(SqlException exception, Boolean breakConnection, Action`1 wrapCloseInAction)\r\n   at System.Data.SqlClient.SqlInternalConnection.OnError(SqlException exception, Boolean breakConnection, Action`1 wrapCloseInAction)\r\n   at System.Data.SqlClient.TdsParser.ThrowExceptionAndWarning(TdsParserStateObject stateObj, Boolean callerHasConnectionLock, Boolean asyncClose)\r\n   at System.Data.SqlClient.TdsParser.TryRun(RunBehavior runBehavior, SqlCommand cmdHandler, SqlDataReader dataStream, BulkCopySimpleResultSet bulkCopyHandler, TdsParserStateObject stateObj, Boolean& dataReady)\r\n   at System.Data.SqlClient.SqlDataReader.TryConsumeMetaData()\r\n   at System.Data.SqlClient.SqlDataReader.get_MetaData()\r\n   at System.Data.SqlClient.SqlCommand.FinishExecuteReader(SqlDataReader ds, RunBehavior runBehavior, String resetOptionsString)\r\n   at System.Data.SqlClient.SqlCommand.RunExecuteReaderTds(CommandBehavior cmdBehavior, RunBehavior runBehavior, Boolean returnStream, Boolean async, Int32 timeout, Task& task, Boolean asyncWrite, SqlDataReader ds)\r\n   at System.Data.SqlClient.SqlCommand.RunExecuteReader(CommandBehavior cmdBehavior, RunBehavior runBehavior, Boolean returnStream, TaskCompletionSource`1 completion, Int32 timeout, Task& task, Boolean asyncWrite, String method)\r\n   at System.Data.SqlClient.SqlCommand.RunExecuteReader(CommandBehavior cmdBehavior, RunBehavior runBehavior, Boolean returnStream, String method)\r\n   at System.Data.SqlClient.SqlCommand.ExecuteReader(CommandBehavior behavior)\r\n   at System.Data.SqlClient.SqlCommand.ExecuteReader()\r\n   at WebAPI.Controllers.ReceitasController.Post(Receitas receita) in C:\\Users\\diego\\Source\\Repos\\restauranteESI2021\\WebAPI\\WebAPI\\Controllers\\ReceitasController.cs:line 71\r\n   at WebAPI.Controllers.Tests.ReceitasTests.PostReceitasTest() in C:\\Users\\diego\\Source\\Repos\\restauranteESI2021\\WebAPI\\WebAPITests\\Controllers\\ReceitasTests .cs:line 51\r\n","DisplayName":"PostReceitasTest","Messages":[],"ComputerName":null,"Duration":"00:00:00.0722326","StartTime":"2021-12-20T18:27:20.6132564-03:00","EndTime":"2021-12-20T18:27:20.6868308-03:00","Properties":[{"Key":{"Id":"ExecutionId","Label":"ExecutionId","Category":"","Description":"","Attributes":1,"ValueType":"System.Guid"},"Value":"00000000-0000-0000-0000-000000000000"},{"Key":{"Id":"ParentExecId","Label":"ParentExecId","Category":"","Description":"","Attributes":1,"ValueType":"System.Guid"},"Value":"00000000-0000-0000-0000-000000000000"},{"Key":{"Id":"InnerResultsCount","Label":"InnerResultsCount","Category":"","Description":"","Attributes":1,"ValueType":"System.Int32"},"Value":0}]},{"TestCase":{"Id":"79b9687c-98ff-8314-4ece-151cf43bb99d","FullyQualifiedName":"WebAPI.Controllers.Tests.ReceitasTests.PutReceitasTest","DisplayName":"PutReceitasTest","ExecutorUri":"executor://MSTestAdapter/v2","Source":"C:\\Users\\rtoma\\source\\repos\\restauranteESI2021\\WebAPI\\WebAPITests\\bin\\Debug\\netcoreapp3.1\\fine-code-coverage\\build-output\\WebAPITests.dll","CodeFilePath":null,"LineNumber":-1,"Properties":[{"Key":{"Id":"TestCase.ManagedType","Label":"ManagedType","Category":"","Description":"","Attributes":1,"ValueType":"System.String"},"Value":"WebAPI.Controllers.Tests.ReceitasTests"},{"Key":{"Id":"TestCase.ManagedMethod","Label":"ManagedMethod","Category":"","Description":"","Attributes":1,"ValueType":"System.String"},"Value":"PutReceitasTest"},{"Key":{"Id":"MSTestDiscoverer.TestClassName","Label":"ClassName","Category":"","Description":"","Attributes":1,"ValueType":"System.String"},"Value":"WebAPI.Controllers.Tests.ReceitasTests"},{"Key":{"Id":"TestCase.Hierarchy","Label":"Hierarchy","Category":"","Description":"","Attributes":2,"ValueType":"System.String[]"},"Value":["WebAPI.Controllers.Tests","ReceitasTests"]},{"Key":{"Id":"TestObject.Traits","Label":"Traits","Category":"","Description":"","Attributes":5,"ValueType":"System.Collections.Generic.KeyValuePair`2[[System.String],[System.String]][]"},"Value":[]}]},"Attachments":[],"Outcome":2,"ErrorMessage":"Test method WebAPI.Controllers.Tests.ReceitasTests.PutReceitasTest threw exception: \r\nSystem.Data.SqlClient.SqlException: The UPDATE statement conflicted with the FOREIGN KEY constraint \"FK__Receitas__Ingred__37A5467C\". The conflict occurred in database \"ESIDB\", table \"dbo.Ingredientes\", column 'IngredienteId'.\r\nThe statement has been terminated.","ErrorStackTrace":"    at System.Data.SqlClient.SqlConnection.OnError(SqlException exception, Boolean breakConnection, Action`1 wrapCloseInAction)\r\n   at System.Data.SqlClient.SqlInternalConnection.OnError(SqlException exception, Boolean breakConnection, Action`1 wrapCloseInAction)\r\n   at System.Data.SqlClient.TdsParser.ThrowExceptionAndWarning(TdsParserStateObject stateObj, Boolean callerHasConnectionLock, Boolean asyncClose)\r\n   at System.Data.SqlClient.TdsParser.TryRun(RunBehavior runBehavior, SqlCommand cmdHandler, SqlDataReader dataStream, BulkCopySimpleResultSet bulkCopyHandler, TdsParserStateObject stateObj, Boolean& dataReady)\r\n   at System.Data.SqlClient.SqlDataReader.TryConsumeMetaData()\r\n   at System.Data.SqlClient.SqlDataReader.get_MetaData()\r\n   at System.Data.SqlClient.SqlCommand.FinishExecuteReader(SqlDataReader ds, RunBehavior runBehavior, String resetOptionsString)\r\n   at System.Data.SqlClient.SqlCommand.RunExecuteReaderTds(CommandBehavior cmdBehavior, RunBehavior runBehavior, Boolean returnStream, Boolean async, Int32 timeout, Task& task, Boolean asyncWrite, SqlDataReader ds)\r\n   at System.Data.SqlClient.SqlCommand.RunExecuteReader(CommandBehavior cmdBehavior, RunBehavior runBehavior, Boolean returnStream, TaskCompletionSource`1 completion, Int32 timeout, Task& task, Boolean asyncWrite, String method)\r\n   at System.Data.SqlClient.SqlCommand.RunExecuteReader(CommandBehavior cmdBehavior, RunBehavior runBehavior, Boolean returnStream, String method)\r\n   at System.Data.SqlClient.SqlCommand.ExecuteReader(CommandBehavior behavior)\r\n   at System.Data.SqlClient.SqlCommand.ExecuteReader()\r\n   at WebAPI.Controllers.ReceitasController.Put(Receitas receita) in C:\\Users\\diego\\Source\\Repos\\restauranteESI2021\\WebAPI\\WebAPI\\Controllers\\ReceitasController.cs:line 101\r\n   at WebAPI.Controllers.Tests.ReceitasTests.PutReceitasTest() in C:\\Users\\diego\\Source\\Repos\\restauranteESI2021\\WebAPI\\WebAPITests\\Controllers\\ReceitasTests .cs:line 70\r\n","DisplayName":"PutReceitasTest","Messages":[],"ComputerName":null,"Duration":"00:00:00.0048631","StartTime":"2021-12-20T18:27:20.6921502-03:00","EndTime":"2021-12-20T18:27:20.6976786-03:00","Properties":[{"Key":{"Id":"ExecutionId","Label":"ExecutionId","Category":"","Description":"","Attributes":1,"ValueType":"System.Guid"},"Value":"00000000-0000-0000-0000-000000000000"},{"Key":{"Id":"ParentExecId","Label":"ParentExecId","Category":"","Description":"","Attributes":1,"ValueType":"System.Guid"},"Value":"00000000-0000-0000-0000-000000000000"},{"Key":{"Id":"InnerResultsCount","Label":"InnerResultsCount","Category":"","Description":"","Attributes":1,"ValueType":"System.Int32"},"Value":0}]},{"TestCase":{"Id":"9f6272c4-0164-c4b9-8a6e-842fbf83404c","FullyQualifiedName":"WebAPI.Controllers.Tests.ReceitasTests.DeleteReceitasTest","DisplayName":"DeleteReceitasTest","ExecutorUri":"executor://MSTestAdapter/v2","Source":"C:\\Users\\rtoma\\source\\repos\\restauranteESI2021\\WebAPI\\WebAPITests\\bin\\Debug\\netcoreapp3.1\\fine-code-coverage\\build-output\\WebAPITests.dll","CodeFilePath":null,"LineNumber":-1,"Properties":[{"Key":{"Id":"TestCase.ManagedType","Label":"ManagedType","Category":"","Description":"","Attributes":1,"ValueType":"System.String"},"Value":"WebAPI.Controllers.Tests.ReceitasTests"},{"Key":{"Id":"TestCase.ManagedMethod","Label":"ManagedMethod","Category":"","Description":"","Attributes":1,"ValueType":"System.String"},"Value":"DeleteReceitasTest"},{"Key":{"Id":"MSTestDiscoverer.TestClassName","Label":"ClassName","Category":"","Description":"","Attributes":1,"ValueType":"System.String"},"Value":"WebAPI.Controllers.Tests.ReceitasTests"},{"Key":{"Id":"TestCase.Hierarchy","Label":"Hierarchy","Category":"","Description":"","Attributes":2,"ValueType":"System.String[]"},"Value":["WebAPI.Controllers.Tests","ReceitasTests"]},{"Key":{"Id":"TestObject.Traits","Label":"Traits","Category":"","Description":"","Attributes":5,"ValueType":"System.Collections.Generic.KeyValuePair`2[[System.String],[System.String]][]"},"Value":[]}]},"Attachments":[],"Outcome":1,"ErrorMessage":null,"ErrorStackTrace":null,"DisplayName":"DeleteReceitasTest","Messages":[],"ComputerName":null,"Duration":"00:00:00.0015762","StartTime":"2021-12-20T18:27:20.7019623-03:00","EndTime":"2021-12-20T18:27:20.7040708-03:00","Properties":[{"Key":{"Id":"ExecutionId","Label":"ExecutionId","Category":"","Description":"","Attributes":1,"ValueType":"System.Guid"},"Value":"00000000-0000-0000-0000-000000000000"},{"Key":{"Id":"ParentExecId","Label":"ParentExecId","Category":"","Description":"","Attributes":1,"ValueType":"System.Guid"},"Value":"00000000-0000-0000-0000-000000000000"},{"Key":{"Id":"InnerResultsCount","Label":"InnerResultsCount","Category":"","Description":"","Attributes":1,"ValueType":"System.Int32"},"Value":0}]}],"TestRunStatistics":{"ExecutedTests":12,"Stats":{"Passed":10,"Failed":2}},"ActiveTests":[]},"RunAttachments":[],"ExecutorUris":["executor://mstestadapter/v2"]}}
TpTrace Verbose: 0 : 11316, 5, 2021/12/20, 18:27:20.734, 3227676577017, testhost.dll, BaseRunTests.RunTests: Run is complete.
TpTrace Verbose: 0 : 11316, 10, 2021/12/20, 18:27:20.737, 3227676601968, testhost.dll, TcpClientExtensions.MessageLoopAsync: NotifyDataAvailable remoteEndPoint: [::ffff:127.0.0.1]:54564 localEndPoint: [::ffff:127.0.0.1]:54565
TpTrace Information: 0 : 11316, 10, 2021/12/20, 18:27:20.737, 3227676605479, testhost.dll, TestRequestHandler.OnMessageReceived: received message: (TestSession.Terminate) -> null
TpTrace Information: 0 : 11316, 10, 2021/12/20, 18:27:20.737, 3227676606482, testhost.dll, Session End message received from server. Closing the connection.
TpTrace Information: 0 : 11316, 10, 2021/12/20, 18:27:20.738, 3227676611237, testhost.dll, SocketClient.Stop: Stop communication from server endpoint: 127.0.0.1:054564
TpTrace Information: 0 : 11316, 10, 2021/12/20, 18:27:20.738, 3227676612385, testhost.dll, SocketClient: Stop: Cancellation requested. Stopping message loop.
TpTrace Verbose: 0 : 11316, 10, 2021/12/20, 18:27:20.738, 3227676614164, testhost.dll, LengthPrefixCommunicationChannel.Dispose: Dispose reader and writer.
TpTrace Information: 0 : 11316, 10, 2021/12/20, 18:27:20.738, 3227676615074, testhost.dll, Closing the connection !
TpTrace Information: 0 : 11316, 10, 2021/12/20, 18:27:20.738, 3227676617838, testhost.dll, SocketClient.PrivateStop: Stop communication from server endpoint: 127.0.0.1:054564, error:
TpTrace Verbose: 0 : 11316, 10, 2021/12/20, 18:27:20.739, 3227676622358, testhost.dll, LengthPrefixCommunicationChannel.Dispose: Dispose reader and writer.
TpTrace Information: 0 : 11316, 1, 2021/12/20, 18:27:20.739, 3227676622559, testhost.dll, Closing the connection !
TpTrace Verbose: 0 : 11316, 10, 2021/12/20, 18:27:20.739, 3227676623422, testhost.dll, TcpClientExtensions.MessageLoopAsync: exiting MessageLoopAsync remoteEndPoint: [::ffff:127.0.0.1]:54564 localEndPoint: [::ffff:127.0.0.1]:54565
TpTrace Information: 0 : 11316, 1, 2021/12/20, 18:27:20.739, 3227676624458, testhost.dll, SocketClient.Stop: Stop communication from server endpoint: 127.0.0.1:054564
TpTrace Verbose: 0 : 11316, 1, 2021/12/20, 18:27:20.739, 3227676625782, testhost.dll, LengthPrefixCommunicationChannel.Dispose: Dispose reader and writer.
TpTrace Information: 0 : 11316, 1, 2021/12/20, 18:27:20.739, 3227676627254, testhost.dll, Testhost process exiting.
